Using pre-set license
Built from '2020.3/release' branch; Version is '2020.3.15f2 (6cf78cb77498) revision 7141260'; Using compiler version '192528614'; Build Type 'Release'
OS: 'Windows 10 Home Single Language; OS build 22000.318; Version 2009; 64bit' Language: 'es' Physical Memory: 6081 MB
BatchMode: 1, IsHumanControllingUs: 0, StartBugReporterOnCrash: 0, Is64bit: 1, IsPro: 0

 COMMAND LINE ARGUMENTS:
C:\Program Files\Unity\Hub\Editor\2020.3.15f2\Editor\Unity.exe
-adb2
-batchMode
-noUpm
-name
AssetImportWorker0
-projectPath
C:/Users/SANTIAGO/Desktop/Carpetas de git/Graffitour
-logFile
Logs/AssetImportWorker0.log
-srvPort
57403
Successfully changed project path to: C:/Users/SANTIAGO/Desktop/Carpetas de git/Graffitour
C:/Users/SANTIAGO/Desktop/Carpetas de git/Graffitour
Using Asset Import Pipeline V2.
Refreshing native plugins compatible for Editor in 88.12 ms, found 3 plugins.
Preloading 0 native plugins for Editor in 0.00 ms.
Initialize engine version: 2020.3.15f2 (6cf78cb77498)
[Subsystems] Discovering subsystems at path C:/Program Files/Unity/Hub/Editor/2020.3.15f2/Editor/Data/Resources/UnitySubsystems
[Subsystems] Discovering subsystems at path C:/Users/SANTIAGO/Desktop/Carpetas de git/Graffitour/Assets
GfxDevice: creating device client; threaded=0
Direct3D:
    Version:  Direct3D 11.0 [level 11.1]
    Renderer: AMD Radeon(TM) Graphics (ID=0x15d8)
    Vendor:   
    VRAM:     3040 MB
    Driver:   27.20.11030.11001
Initialize mono
Mono path[0] = 'C:/Program Files/Unity/Hub/Editor/2020.3.15f2/Editor/Data/Managed'
Mono path[1] = 'C:/Program Files/Unity/Hub/Editor/2020.3.15f2/Editor/Data/MonoBleedingEdge/lib/mono/unityjit'
Mono config path = 'C:/Program Files/Unity/Hub/Editor/2020.3.15f2/Editor/Data/MonoBleedingEdge/etc'
Using monoOptions --debugger-agent=transport=dt_socket,embedding=1,server=y,suspend=n,address=127.0.0.1:56584
Begin MonoManager ReloadAssembly
Registering precompiled unity dll's ...
Register platform support module: C:/Program Files/Unity/Hub/Editor/2020.3.15f2/Editor/Data/PlaybackEngines/WebGLSupport/UnityEditor.WebGL.Extensions.dll
Register platform support module: C:/Program Files/Unity/Hub/Editor/2020.3.15f2/Editor/Data/PlaybackEngines/WindowsStandaloneSupport/UnityEditor.WindowsStandalone.Extensions.dll
Registered in 0.005738 seconds.
Native extension for WindowsStandalone target not found
Native extension for WebGL target not found
Refreshing native plugins compatible for Editor in 69.17 ms, found 3 plugins.
Preloading 0 native plugins for Editor in 0.00 ms.
Mono: successfully reloaded assembly
- Completed reload, in  6.288 seconds
Domain Reload Profiling:
	ReloadAssembly (6288ms)
		BeginReloadAssembly (90ms)
			ExecutionOrderSort (0ms)
			DisableScriptedObjects (0ms)
			BackupInstance (0ms)
			ReleaseScriptingObjects (0ms)
			CreateAndSetChildDomain (1ms)
		EndReloadAssembly (658ms)
			LoadAssemblies (87ms)
			RebuildTransferFunctionScriptingTraits (0ms)
			SetupTypeCache (234ms)
			ReleaseScriptCaches (0ms)
			RebuildScriptCaches (46ms)
			SetupLoadedEditorAssemblies (266ms)
				LogAssemblyErrors (0ms)
				InitializePlatformSupportModulesInManaged (6ms)
				SetLoadedEditorAssemblies (0ms)
				RefreshPlugins (69ms)
				BeforeProcessingInitializeOnLoad (10ms)
				ProcessInitializeOnLoadAttributes (129ms)
				ProcessInitializeOnLoadMethodAttributes (51ms)
				AfterProcessingInitializeOnLoad (0ms)
				EditorAssembliesLoaded (0ms)
			ExecutionOrderSort2 (0ms)
			AwakeInstancesAfterBackupRestoration (0ms)
Platform modules already initialized, skipping
Registering precompiled user dll's ...
Registered in 0.021580 seconds.
Begin MonoManager ReloadAssembly
Native extension for WindowsStandalone target not found
Native extension for WebGL target not found
Refreshing native plugins compatible for Editor in 0.99 ms, found 3 plugins.
Preloading 0 native plugins for Editor in 0.00 ms.
Mono: successfully reloaded assembly
- Completed reload, in  2.448 seconds
Domain Reload Profiling:
	ReloadAssembly (2449ms)
		BeginReloadAssembly (664ms)
			ExecutionOrderSort (0ms)
			DisableScriptedObjects (15ms)
			BackupInstance (0ms)
			ReleaseScriptingObjects (0ms)
			CreateAndSetChildDomain (29ms)
		EndReloadAssembly (1681ms)
			LoadAssemblies (238ms)
			RebuildTransferFunctionScriptingTraits (0ms)
			SetupTypeCache (547ms)
			ReleaseScriptCaches (1ms)
			RebuildScriptCaches (80ms)
			SetupLoadedEditorAssemblies (678ms)
				LogAssemblyErrors (0ms)
				InitializePlatformSupportModulesInManaged (11ms)
				SetLoadedEditorAssemblies (1ms)
				RefreshPlugins (1ms)
				BeforeProcessingInitializeOnLoad (87ms)
				ProcessInitializeOnLoadAttributes (562ms)
				ProcessInitializeOnLoadMethodAttributes (7ms)
				AfterProcessingInitializeOnLoad (9ms)
				EditorAssembliesLoaded (0ms)
			ExecutionOrderSort2 (0ms)
			AwakeInstancesAfterBackupRestoration (8ms)
Platform modules already initialized, skipping
========================================================================
Worker process is ready to serve import requests
Launched and connected shader compiler UnityShaderCompiler.exe after 0.08 seconds
Refreshing native plugins compatible for Editor in 0.64 ms, found 3 plugins.
Preloading 0 native plugins for Editor in 0.00 ms.
Unloading 1690 Unused Serialized files (Serialized files now loaded: 0)
System memory in use before: 85.6 MB.
System memory in use after: 85.3 MB.

Unloading 37 unused Assets to reduce memory usage. Loaded Objects now: 2205.
Total: 3.124200 ms (FindLiveObjects: 0.239100 ms CreateObjectMapping: 0.047500 ms MarkObjects: 2.459800 ms  DeleteObjects: 0.376300 ms)

AssetImportParameters requested are different than current active one (requested -> active):
  custom:framework-win-MediaFoundation: 216162199b28c13a410421893ffa2e32 -> 
  custom:video-decoder-ogg-theora: a1e56fd34408186e4bbccfd4996cb3dc -> 
  custom:container-muxer-webm: aa71ff27fc2769a1b78a27578f13a17b -> 
  custom:container-demuxer-webm: 4f35f7cbe854078d1ac9338744f61a02 -> 
  custom:container-demuxer-ogg: 62fdf1f143b41e24485cea50d1cbac27 -> 
  custom:video-encoder-webm-vp8: eb34c28f22e8b96e1ab97ce403110664 -> 
  custom:video-decoder-webm-vp8: 9c59270c3fd7afecdb556c50c9e8de78 -> 
  custom:audio-decoder-ogg-vorbis: bf7c407c2cedff20999df2af8eb42d56 -> 
  custom:audio-encoder-webm-vorbis: bf7c407c2cedff20999df2af8eb42d56 -> 
========================================================================
Received Import Request.
  path: Assets/makina/Mover.asset
  artifactKey: Guid(9f20567f2e195934ca55113d21289e0b) Importer(815301076,1909f56bfc062723c751e8b465ee728b)
Start importing Assets/makina/Mover.asset using Guid(9f20567f2e195934ca55113d21289e0b) Importer(815301076,1909f56bfc062723c751e8b465ee728b)  -> (artifact id: '56f501c4db26761e518b23d289b23c90') in 1.136311 seconds 
  Import took 1.141387 seconds .

========================================================================
Received Import Request.
  Time since last request: 8.242472 seconds.
  path: Assets/Materiales/Materials/New Material 1.mat
  artifactKey: Guid(8520133f24426c74b87bba023991ef35) Importer(815301076,1909f56bfc062723c751e8b465ee728b)
Start importing Assets/Materiales/Materials/New Material 1.mat using Guid(8520133f24426c74b87bba023991ef35) Importer(815301076,1909f56bfc062723c751e8b465ee728b)  -> (artifact id: '8c6a49bd84bceb00a11ccf6238a210c1') in 0.444273 seconds 
  Import took 0.451916 seconds .

========================================================================
Received Import Request.
  Time since last request: 91.388216 seconds.
  path: Assets/sedan/Materials
  artifactKey: Guid(1812fa71cc35bc7448046c4b97fd6ede) Importer(815301076,1909f56bfc062723c751e8b465ee728b)
Start importing Assets/sedan/Materials using Guid(1812fa71cc35bc7448046c4b97fd6ede) Importer(815301076,1909f56bfc062723c751e8b465ee728b)  -> (artifact id: '354ce1a3a74b1e06e03e2101f4e2e8e9') in 0.017959 seconds 
  Import took 0.022593 seconds .

========================================================================
Received Import Request.
  Time since last request: 1.483961 seconds.
  path: Assets/sedan/Materials/UV1.mat
  artifactKey: Guid(1981397890308b84281411243bec3d82) Importer(815301076,1909f56bfc062723c751e8b465ee728b)
Start importing Assets/sedan/Materials/UV1.mat using Guid(1981397890308b84281411243bec3d82) Importer(815301076,1909f56bfc062723c751e8b465ee728b)  -> (artifact id: 'ab66e383e6aa4915d48fa5d97337dafd') in 0.042918 seconds 
  Import took 0.048335 seconds .

========================================================================
Received Import Request.
  Time since last request: 0.000433 seconds.
  path: Assets/sedan/Materials/wheel2.mat
  artifactKey: Guid(e9a45f31da8dc4849b9bfc3357de5124) Importer(815301076,1909f56bfc062723c751e8b465ee728b)
Start importing Assets/sedan/Materials/wheel2.mat using Guid(e9a45f31da8dc4849b9bfc3357de5124) Importer(815301076,1909f56bfc062723c751e8b465ee728b)  -> (artifact id: 'fb18a6fa1f069f9b33b91bdba747a006') in 0.070450 seconds 
  Import took 0.077510 seconds .

========================================================================
Received Import Request.
  Time since last request: 0.000411 seconds.
  path: Assets/sedan/Materials/wheel.mat
  artifactKey: Guid(77120c3918f330849bd17d7ffb5b18c4) Importer(815301076,1909f56bfc062723c751e8b465ee728b)
Start importing Assets/sedan/Materials/wheel.mat using Guid(77120c3918f330849bd17d7ffb5b18c4) Importer(815301076,1909f56bfc062723c751e8b465ee728b)  -> (artifact id: '07a7959711974708f094560e76953664') in 0.057159 seconds 
  Import took 0.063020 seconds .

========================================================================
Received Import Request.
  Time since last request: 0.000337 seconds.
  path: Assets/sedan/Materials/UV2.mat
  artifactKey: Guid(9729bedc240b2024292e1b7493ed2ec8) Importer(815301076,1909f56bfc062723c751e8b465ee728b)
Start importing Assets/sedan/Materials/UV2.mat using Guid(9729bedc240b2024292e1b7493ed2ec8) Importer(815301076,1909f56bfc062723c751e8b465ee728b)  -> (artifact id: 'b776ca8ea6564bbc85ddbc73e475d86a') in 0.059783 seconds 
  Import took 0.064475 seconds .

========================================================================
Received Import Request.
  Time since last request: 2.338601 seconds.
  path: Assets/sedan/textures/UV1.png
  artifactKey: Guid(0390ff72b07de2d44b8145507de2ad88) Importer(815301076,1909f56bfc062723c751e8b465ee728b)
Start importing Assets/sedan/textures/UV1.png using Guid(0390ff72b07de2d44b8145507de2ad88) Importer(815301076,1909f56bfc062723c751e8b465ee728b)  -> (artifact id: '75ffae9343a9adc889a79c3f9ee151ff') in 0.114124 seconds 
  Import took 0.119115 seconds .

========================================================================
Received Import Request.
  Time since last request: 4.616737 seconds.
  path: Assets/sedan/textures/UV2.png
  artifactKey: Guid(0840eeaa6634d8244a98011ff40275f3) Importer(815301076,1909f56bfc062723c751e8b465ee728b)
Start importing Assets/sedan/textures/UV2.png using Guid(0840eeaa6634d8244a98011ff40275f3) Importer(815301076,1909f56bfc062723c751e8b465ee728b)  -> (artifact id: '0dde049179d53dece0869927e8d0ea86') in 0.039602 seconds 
  Import took 0.044595 seconds .

========================================================================
Received Import Request.
  Time since last request: 0.001388 seconds.
  path: Assets/sedan/textures/UV2.png
  artifactKey: Guid(0840eeaa6634d8244a98011ff40275f3) Importer(815301076,1909f56bfc062723c751e8b465ee728b)
Start importing Assets/sedan/textures/UV2.png using Guid(0840eeaa6634d8244a98011ff40275f3) Importer(815301076,1909f56bfc062723c751e8b465ee728b)  -> (artifact id: '0dde049179d53dece0869927e8d0ea86') in 0.016898 seconds 
  Import took 0.021958 seconds .

========================================================================
Received Import Request.
  Time since last request: 33.813696 seconds.
  path: Assets/sedan/Materials/UV1 1.mat
  artifactKey: Guid(2141fb3b4d4aabb43aa22c89a2bb4f81) Importer(815301076,1909f56bfc062723c751e8b465ee728b)
Start importing Assets/sedan/Materials/UV1 1.mat using Guid(2141fb3b4d4aabb43aa22c89a2bb4f81) Importer(815301076,1909f56bfc062723c751e8b465ee728b)  -> (artifact id: '1b4fb791077b6649d9af66f83080f90a') in 0.051391 seconds 
  Import took 0.056373 seconds .

========================================================================
Received Import Request.
  Time since last request: 0.004958 seconds.
  path: Assets/sedan/Materials/UV1 1.mat
  artifactKey: Guid(2141fb3b4d4aabb43aa22c89a2bb4f81) Importer(815301076,1909f56bfc062723c751e8b465ee728b)
Start importing Assets/sedan/Materials/UV1 1.mat using Guid(2141fb3b4d4aabb43aa22c89a2bb4f81) Importer(815301076,1909f56bfc062723c751e8b465ee728b)  -> (artifact id: '1b4fb791077b6649d9af66f83080f90a') in 0.040723 seconds 
  Import took 0.045975 seconds .

========================================================================
Received Import Request.
  Time since last request: 274.749218 seconds.
  path: Assets/Materiales/Materials/pared.jpg
  artifactKey: Guid(f4e3dad50a24fe54aa3e6aed55d87a1f) Importer(815301076,1909f56bfc062723c751e8b465ee728b)
Start importing Assets/Materiales/Materials/pared.jpg using Guid(f4e3dad50a24fe54aa3e6aed55d87a1f) Importer(815301076,1909f56bfc062723c751e8b465ee728b)  -> (artifact id: 'eff9d49548ec125f0498fba887ca2e76') in 0.039723 seconds 
  Import took 0.048147 seconds .

========================================================================
Received Import Request.
  Time since last request: 0.001848 seconds.
  path: Assets/Materiales/Materials/pared.jpg
  artifactKey: Guid(f4e3dad50a24fe54aa3e6aed55d87a1f) Importer(815301076,1909f56bfc062723c751e8b465ee728b)
Start importing Assets/Materiales/Materials/pared.jpg using Guid(f4e3dad50a24fe54aa3e6aed55d87a1f) Importer(815301076,1909f56bfc062723c751e8b465ee728b)  -> (artifact id: 'eff9d49548ec125f0498fba887ca2e76') in 0.035244 seconds 
  Import took 0.040820 seconds .

========================================================================
Received Import Request.
  Time since last request: 21.261331 seconds.
  path: Assets/Materiales/Materials/UV 1 2.mat
  artifactKey: Guid(8520133f24426c74b87bba023991ef35) Importer(815301076,1909f56bfc062723c751e8b465ee728b)
Start importing Assets/Materiales/Materials/UV 1 2.mat using Guid(8520133f24426c74b87bba023991ef35) Importer(815301076,1909f56bfc062723c751e8b465ee728b)  -> (artifact id: '15a359178857a11e48d07645bca3707c') in 0.068315 seconds 
  Import took 0.073357 seconds .

========================================================================
Received Import Request.
  Time since last request: 36.017848 seconds.
  path: Assets/Materiales/Materials/pared por defecto.mat
  artifactKey: Guid(b53afcf70d94833449b92e21d61bc81e) Importer(815301076,1909f56bfc062723c751e8b465ee728b)
Start importing Assets/Materiales/Materials/pared por defecto.mat using Guid(b53afcf70d94833449b92e21d61bc81e) Importer(815301076,1909f56bfc062723c751e8b465ee728b)  -> (artifact id: '7e5aaa702914fc2f8e0bd5fc042fd029') in 0.039012 seconds 
  Import took 0.043727 seconds .

========================================================================
Received Import Request.
  Time since last request: 1752.860158 seconds.
  path: Assets/Materiales/Materials/suelo-franco-fertil-adecuado-plantar-textura-suelo_38663-528.jpg
  artifactKey: Guid(00a25890a37bc6c46b603b57f28ffd26) Importer(815301076,1909f56bfc062723c751e8b465ee728b)
Start importing Assets/Materiales/Materials/suelo-franco-fertil-adecuado-plantar-textura-suelo_38663-528.jpg using Guid(00a25890a37bc6c46b603b57f28ffd26) Importer(815301076,1909f56bfc062723c751e8b465ee728b)  -> (artifact id: 'edc4db5a1e90a38fd53393162b0fa55a') in 0.043543 seconds 
  Import took 0.049037 seconds .

========================================================================
Received Import Request.
  Time since last request: 10.477803 seconds.
  path: Assets/Materiales/Materials/tierra.mat
  artifactKey: Guid(b272c201848fe734789e275627136145) Importer(815301076,1909f56bfc062723c751e8b465ee728b)
Start importing Assets/Materiales/Materials/tierra.mat using Guid(b272c201848fe734789e275627136145) Importer(815301076,1909f56bfc062723c751e8b465ee728b)  -> (artifact id: '1c1731054585b844607f48d2de3709eb') in 0.041608 seconds 
  Import took 0.048559 seconds .

========================================================================
Received Import Request.
  Time since last request: 125.530955 seconds.
  path: Assets/Materiales/Materials/pared por defecto.mat
  artifactKey: Guid(b53afcf70d94833449b92e21d61bc81e) Importer(815301076,1909f56bfc062723c751e8b465ee728b)
Start importing Assets/Materiales/Materials/pared por defecto.mat using Guid(b53afcf70d94833449b92e21d61bc81e) Importer(815301076,1909f56bfc062723c751e8b465ee728b)  -> (artifact id: '62c5aed4658c17e1c6102f792fd887bf') in 0.047150 seconds 
  Import took 0.053948 seconds .

========================================================================
Received Import Request.
  Time since last request: 0.000331 seconds.
  path: Assets/Materiales/Materials/UV1 1.mat
  artifactKey: Guid(2141fb3b4d4aabb43aa22c89a2bb4f81) Importer(815301076,1909f56bfc062723c751e8b465ee728b)
Start importing Assets/Materiales/Materials/UV1 1.mat using Guid(2141fb3b4d4aabb43aa22c89a2bb4f81) Importer(815301076,1909f56bfc062723c751e8b465ee728b)  -> (artifact id: '52ce64d73c2973a08a667b6e4fa62fcd') in 0.052225 seconds 
  Import took 0.057384 seconds .

========================================================================
Received Import Request.
  Time since last request: 0.001068 seconds.
  path: Assets/Materiales/Materials/tierra.mat
  artifactKey: Guid(b272c201848fe734789e275627136145) Importer(815301076,1909f56bfc062723c751e8b465ee728b)
Start importing Assets/Materiales/Materials/tierra.mat using Guid(b272c201848fe734789e275627136145) Importer(815301076,1909f56bfc062723c751e8b465ee728b)  -> (artifact id: 'e8df767a97f678cba32304e6c1961c9e') in 0.060649 seconds 
  Import took 0.071493 seconds .

========================================================================
Received Import Request.
  Time since last request: 6.210597 seconds.
  path: Assets/laxer tree pkg/Ambient-Occlusion/baum ld0.prefab
  artifactKey: Guid(232d918e673de694d8a118b6efe0bf6f) Importer(815301076,1909f56bfc062723c751e8b465ee728b)
Start importing Assets/laxer tree pkg/Ambient-Occlusion/baum ld0.prefab using Guid(232d918e673de694d8a118b6efe0bf6f) Importer(815301076,1909f56bfc062723c751e8b465ee728b)  -> (artifact id: 'f7b70b3f7c50d2a88cd161e3414e1ab1') in 0.328345 seconds 
  Import took 0.334496 seconds .

========================================================================
Received Import Request.
  Time since last request: 0.000335 seconds.
  path: Assets/laxer tree pkg/Ambient-Occlusion/baum ld2.prefab
  artifactKey: Guid(011ca9ca00b21594c8a16ee78d6a8c7c) Importer(815301076,1909f56bfc062723c751e8b465ee728b)
Start importing Assets/laxer tree pkg/Ambient-Occlusion/baum ld2.prefab using Guid(011ca9ca00b21594c8a16ee78d6a8c7c) Importer(815301076,1909f56bfc062723c751e8b465ee728b)  -> (artifact id: '3ba7162d9fbd3972d88c3470b8dae018') in 0.100880 seconds 
  Import took 0.105282 seconds .

========================================================================
Received Import Request.
  Time since last request: 0.000321 seconds.
  path: Assets/laxer tree pkg/Ambient-Occlusion/baum ld1.prefab
  artifactKey: Guid(6b4b29e49f76c9f46b7f3594d299d8d9) Importer(815301076,1909f56bfc062723c751e8b465ee728b)
Start importing Assets/laxer tree pkg/Ambient-Occlusion/baum ld1.prefab using Guid(6b4b29e49f76c9f46b7f3594d299d8d9) Importer(815301076,1909f56bfc062723c751e8b465ee728b)  -> (artifact id: 'e84d09853904c821c543c7a796a1e61b') in 0.059638 seconds 
  Import took 0.063913 seconds .

========================================================================
Received Import Request.
  Time since last request: 1.423700 seconds.
  path: Assets/laxer tree pkg/Mobile/baum ld0 mobile.prefab
  artifactKey: Guid(d7ebb2b5789a2be45b7bd26b3b9d50aa) Importer(815301076,1909f56bfc062723c751e8b465ee728b)
Start importing Assets/laxer tree pkg/Mobile/baum ld0 mobile.prefab using Guid(d7ebb2b5789a2be45b7bd26b3b9d50aa) Importer(815301076,1909f56bfc062723c751e8b465ee728b)  -> (artifact id: '09412504846fa190db79a9c8fe5ae07d') in 0.030761 seconds 
  Import took 0.034957 seconds .

========================================================================
Received Import Request.
  Time since last request: 0.000298 seconds.
  path: Assets/laxer tree pkg/Mobile/baum ld1 mobile.prefab
  artifactKey: Guid(23062208c1e1ace4d9e5270be8b68dcb) Importer(815301076,1909f56bfc062723c751e8b465ee728b)
Start importing Assets/laxer tree pkg/Mobile/baum ld1 mobile.prefab using Guid(23062208c1e1ace4d9e5270be8b68dcb) Importer(815301076,1909f56bfc062723c751e8b465ee728b)  -> (artifact id: '6a850e9b8ab31312e4854406e9d03728') in 0.045216 seconds 
  Import took 0.049652 seconds .

========================================================================
Received Import Request.
  Time since last request: 0.000367 seconds.
  path: Assets/laxer tree pkg/Mobile/baum ld2 mobile.prefab
  artifactKey: Guid(78fdf95c4c2d7384a8957ee310d2b067) Importer(815301076,1909f56bfc062723c751e8b465ee728b)
Start importing Assets/laxer tree pkg/Mobile/baum ld2 mobile.prefab using Guid(78fdf95c4c2d7384a8957ee310d2b067) Importer(815301076,1909f56bfc062723c751e8b465ee728b)  -> (artifact id: 'f29401b226acb67be83de0992cafa955') in 0.063820 seconds 
  Import took 0.068407 seconds .

========================================================================
Received Import Request.
  Time since last request: 1.307869 seconds.
  path: Assets/laxer tree pkg/Models/baum hd fbx.fbx
  artifactKey: Guid(9b27b908e66bddb42940797bc06df908) Importer(815301076,1909f56bfc062723c751e8b465ee728b)
Start importing Assets/laxer tree pkg/Models/baum hd fbx.fbx using Guid(9b27b908e66bddb42940797bc06df908) Importer(815301076,1909f56bfc062723c751e8b465ee728b)  -> (artifact id: '02f76d6e2943b973c8c128c1d23337c2') in 0.079378 seconds 
  Import took 0.083640 seconds .

========================================================================
Received Import Request.
  Time since last request: 0.000302 seconds.
  path: Assets/laxer tree pkg/Models/baum ld0(enhanced).asset
  artifactKey: Guid(a59384daf2a0cf3468a8629697d40866) Importer(815301076,1909f56bfc062723c751e8b465ee728b)
Start importing Assets/laxer tree pkg/Models/baum ld0(enhanced).asset using Guid(a59384daf2a0cf3468a8629697d40866) Importer(815301076,1909f56bfc062723c751e8b465ee728b)  -> (artifact id: 'cbab7d99d31986d87e3b875ef31f207e') in 0.059139 seconds 
  Import took 0.063437 seconds .

========================================================================
Received Import Request.
  Time since last request: 0.000492 seconds.
  path: Assets/laxer tree pkg/Models/baum hd med fbx.fbx
  artifactKey: Guid(8606c21208a6abf4aa86e39e9938598b) Importer(815301076,1909f56bfc062723c751e8b465ee728b)
Start importing Assets/laxer tree pkg/Models/baum hd med fbx.fbx using Guid(8606c21208a6abf4aa86e39e9938598b) Importer(815301076,1909f56bfc062723c751e8b465ee728b)  -> (artifact id: '014fc0daedea15f170c0cec18ca117bc') in 0.058425 seconds 
  Import took 0.062288 seconds .

========================================================================
Received Import Request.
  Time since last request: 0.000318 seconds.
  path: Assets/laxer tree pkg/Models/baum ld2(enhanced).asset
  artifactKey: Guid(bff71d6fe1a3e7044beabfe40f2c32aa) Importer(815301076,1909f56bfc062723c751e8b465ee728b)
Start importing Assets/laxer tree pkg/Models/baum ld2(enhanced).asset using Guid(bff71d6fe1a3e7044beabfe40f2c32aa) Importer(815301076,1909f56bfc062723c751e8b465ee728b)  -> (artifact id: '374b4ed50443c07acc499191e385f099') in 0.056459 seconds 
  Import took 0.060691 seconds .

========================================================================
Received Import Request.
  Time since last request: 0.000344 seconds.
  path: Assets/laxer tree pkg/Models/baum hd pine fbx.fbx
  artifactKey: Guid(7163db7426b13a345b09fa28a500a5e6) Importer(815301076,1909f56bfc062723c751e8b465ee728b)
Start importing Assets/laxer tree pkg/Models/baum hd pine fbx.fbx using Guid(7163db7426b13a345b09fa28a500a5e6) Importer(815301076,1909f56bfc062723c751e8b465ee728b)  -> (artifact id: '0da8fb0a0bcdc9bb3994aa71febf0ebf') in 0.048362 seconds 
  Import took 0.053088 seconds .

========================================================================
Received Import Request.
  Time since last request: 0.000278 seconds.
  path: Assets/laxer tree pkg/Models/baum ld1(enhanced).asset
  artifactKey: Guid(719abc69a3025404a8ad750c92b489ec) Importer(815301076,1909f56bfc062723c751e8b465ee728b)
Start importing Assets/laxer tree pkg/Models/baum ld1(enhanced).asset using Guid(719abc69a3025404a8ad750c92b489ec) Importer(815301076,1909f56bfc062723c751e8b465ee728b)  -> (artifact id: '7fcc69bfcd47c68379935f85b586b7b9') in 0.059141 seconds 
  Import took 0.064447 seconds .

========================================================================
Received Import Request.
  Time since last request: 1.498655 seconds.
  path: Assets/laxer tree pkg/Textures/ast3.png
  artifactKey: Guid(d27897795cf19c047a586837b4201ce5) Importer(815301076,1909f56bfc062723c751e8b465ee728b)
Start importing Assets/laxer tree pkg/Textures/ast3.png using Guid(d27897795cf19c047a586837b4201ce5) Importer(815301076,1909f56bfc062723c751e8b465ee728b)  -> (artifact id: 'a91f191befc991cecdce98e3499b16f6') in 0.023178 seconds 
  Import took 0.028922 seconds .

========================================================================
Received Import Request.
  Time since last request: 0.000292 seconds.
  path: Assets/laxer tree pkg/Textures/bark pine wh.png
  artifactKey: Guid(a0ee16bfb2caadb49a6c4dd528026e43) Importer(815301076,1909f56bfc062723c751e8b465ee728b)
Start importing Assets/laxer tree pkg/Textures/bark pine wh.png using Guid(a0ee16bfb2caadb49a6c4dd528026e43) Importer(815301076,1909f56bfc062723c751e8b465ee728b)  -> (artifact id: '7b3e0b65cbc167cc7f29581c78fe89cc') in 0.040002 seconds 
  Import took 0.044067 seconds .

========================================================================
Received Import Request.
  Time since last request: 0.000328 seconds.
  path: Assets/laxer tree pkg/Textures/ast4.png
  artifactKey: Guid(3b8d65f128cc7484a9c14ba4d91ea50d) Importer(815301076,1909f56bfc062723c751e8b465ee728b)
Start importing Assets/laxer tree pkg/Textures/ast4.png using Guid(3b8d65f128cc7484a9c14ba4d91ea50d) Importer(815301076,1909f56bfc062723c751e8b465ee728b)  -> (artifact id: 'aea786f461981f4060a6d65f880c36d0') in 0.045688 seconds 
  Import took 0.051065 seconds .

========================================================================
Received Import Request.
  Time since last request: 0.000741 seconds.
  path: Assets/laxer tree pkg/Textures/ast5.png
  artifactKey: Guid(182472b00808f914fa8dc807ff58b574) Importer(815301076,1909f56bfc062723c751e8b465ee728b)
Start importing Assets/laxer tree pkg/Textures/ast5.png using Guid(182472b00808f914fa8dc807ff58b574) Importer(815301076,1909f56bfc062723c751e8b465ee728b)  -> (artifact id: 'c7386ca75d12d2eadeb45133974f28f9') in 0.041076 seconds 
  Import took 0.046200 seconds .

========================================================================
Received Import Request.
  Time since last request: 0.000362 seconds.
  path: Assets/laxer tree pkg/Textures/bark wh.png
  artifactKey: Guid(745e2f075c26fd84b9471b243d577562) Importer(815301076,1909f56bfc062723c751e8b465ee728b)
Start importing Assets/laxer tree pkg/Textures/bark wh.png using Guid(745e2f075c26fd84b9471b243d577562) Importer(815301076,1909f56bfc062723c751e8b465ee728b)  -> (artifact id: 'ef89c58314fa9f3c43bc8dce50400f04') in 0.041584 seconds 
  Import took 0.048780 seconds .

========================================================================
Received Import Request.
  Time since last request: 0.000301 seconds.
  path: Assets/laxer tree pkg/Textures/ast5.png
  artifactKey: Guid(182472b00808f914fa8dc807ff58b574) Importer(815301076,1909f56bfc062723c751e8b465ee728b)
Start importing Assets/laxer tree pkg/Textures/ast5.png using Guid(182472b00808f914fa8dc807ff58b574) Importer(815301076,1909f56bfc062723c751e8b465ee728b)  -> (artifact id: 'c7386ca75d12d2eadeb45133974f28f9') in 0.035176 seconds 
  Import took 0.041150 seconds .

========================================================================
Received Import Request.
  Time since last request: 0.000361 seconds.
  path: Assets/laxer tree pkg/Textures/bark pine.png
  artifactKey: Guid(5acaa997b6100fb47b024c69aeb52788) Importer(815301076,1909f56bfc062723c751e8b465ee728b)
Start importing Assets/laxer tree pkg/Textures/bark pine.png using Guid(5acaa997b6100fb47b024c69aeb52788) Importer(815301076,1909f56bfc062723c751e8b465ee728b)  -> (artifact id: '2fd8248e765bb7505ac8485c0786471f') in 0.052769 seconds 
  Import took 0.057759 seconds .

========================================================================
Received Import Request.
  Time since last request: 0.000287 seconds.
  path: Assets/laxer tree pkg/Textures/bark.png
  artifactKey: Guid(8875beb1e4179154eb0ce892639eb118) Importer(815301076,1909f56bfc062723c751e8b465ee728b)
Start importing Assets/laxer tree pkg/Textures/bark.png using Guid(8875beb1e4179154eb0ce892639eb118) Importer(815301076,1909f56bfc062723c751e8b465ee728b)  -> (artifact id: 'f5a71dc5b1c175db4111b2edf5d49ba7') in 0.053960 seconds 
  Import took 0.058886 seconds .

========================================================================
Received Import Request.
  Time since last request: 2.619236 seconds.
  path: Assets/laxer tree pkg/Models
  artifactKey: Guid(5a07d96d4bb8ac2459658b691520ce35) Importer(815301076,1909f56bfc062723c751e8b465ee728b)
Start importing Assets/laxer tree pkg/Models using Guid(5a07d96d4bb8ac2459658b691520ce35) Importer(815301076,1909f56bfc062723c751e8b465ee728b)  -> (artifact id: '44f5c8bbad85f6a8262332825fa5755f') in 0.015832 seconds 
  Import took 0.019843 seconds .

========================================================================
Received Prepare
Registering precompiled user dll's ...
Registered in 0.024238 seconds.
Begin MonoManager ReloadAssembly
Native extension for WindowsStandalone target not found
Native extension for WebGL target not found
Refreshing native plugins compatible for Editor in 1.34 ms, found 3 plugins.
Preloading 0 native plugins for Editor in 0.00 ms.
Mono: successfully reloaded assembly
- Completed reload, in  3.230 seconds
Domain Reload Profiling:
	ReloadAssembly (3232ms)
		BeginReloadAssembly (444ms)
			ExecutionOrderSort (0ms)
			DisableScriptedObjects (24ms)
			BackupInstance (0ms)
			ReleaseScriptingObjects (0ms)
			CreateAndSetChildDomain (223ms)
		EndReloadAssembly (2596ms)
			LoadAssemblies (234ms)
			RebuildTransferFunctionScriptingTraits (0ms)
			SetupTypeCache (1029ms)
			ReleaseScriptCaches (1ms)
			RebuildScriptCaches (71ms)
			SetupLoadedEditorAssemblies (1061ms)
				LogAssemblyErrors (0ms)
				InitializePlatformSupportModulesInManaged (12ms)
				SetLoadedEditorAssemblies (1ms)
				RefreshPlugins (1ms)
				BeforeProcessingInitializeOnLoad (89ms)
				ProcessInitializeOnLoadAttributes (941ms)
				ProcessInitializeOnLoadMethodAttributes (5ms)
				AfterProcessingInitializeOnLoad (12ms)
				EditorAssembliesLoaded (1ms)
			ExecutionOrderSort2 (0ms)
			AwakeInstancesAfterBackupRestoration (10ms)
Platform modules already initialized, skipping
Refreshing native plugins compatible for Editor in 0.72 ms, found 3 plugins.
Preloading 0 native plugins for Editor in 0.00 ms.
Unloading 1663 Unused Serialized files (Serialized files now loaded: 0)
System memory in use before: 87.1 MB.
System memory in use after: 86.8 MB.

Unloading 32 unused Assets to reduce memory usage. Loaded Objects now: 2256.
Total: 6.220100 ms (FindLiveObjects: 0.625100 ms CreateObjectMapping: 0.221300 ms MarkObjects: 4.832400 ms  DeleteObjects: 0.538500 ms)

AssetImportParameters requested are different than current active one (requested -> active):
  custom:framework-win-MediaFoundation: 216162199b28c13a410421893ffa2e32 -> 
  custom:video-decoder-ogg-theora: a1e56fd34408186e4bbccfd4996cb3dc -> 
  custom:container-muxer-webm: aa71ff27fc2769a1b78a27578f13a17b -> 
  custom:container-demuxer-webm: 4f35f7cbe854078d1ac9338744f61a02 -> 
  custom:container-demuxer-ogg: 62fdf1f143b41e24485cea50d1cbac27 -> 
  custom:video-encoder-webm-vp8: eb34c28f22e8b96e1ab97ce403110664 -> 
  custom:video-decoder-webm-vp8: 9c59270c3fd7afecdb556c50c9e8de78 -> 
  custom:audio-decoder-ogg-vorbis: bf7c407c2cedff20999df2af8eb42d56 -> 
  custom:audio-encoder-webm-vorbis: bf7c407c2cedff20999df2af8eb42d56 -> 
========================================================================
Received Prepare
Registering precompiled user dll's ...
Registered in 0.020142 seconds.
Begin MonoManager ReloadAssembly
Native extension for WindowsStandalone target not found
Native extension for WebGL target not found
Refreshing native plugins compatible for Editor in 1.45 ms, found 3 plugins.
Preloading 0 native plugins for Editor in 0.00 ms.
Mono: successfully reloaded assembly
- Completed reload, in  2.513 seconds
Domain Reload Profiling:
	ReloadAssembly (2513ms)
		BeginReloadAssembly (162ms)
			ExecutionOrderSort (0ms)
			DisableScriptedObjects (6ms)
			BackupInstance (0ms)
			ReleaseScriptingObjects (0ms)
			CreateAndSetChildDomain (53ms)
		EndReloadAssembly (2254ms)
			LoadAssemblies (146ms)
			RebuildTransferFunctionScriptingTraits (0ms)
			SetupTypeCache (761ms)
			ReleaseScriptCaches (1ms)
			RebuildScriptCaches (59ms)
			SetupLoadedEditorAssemblies (1042ms)
				LogAssemblyErrors (0ms)
				InitializePlatformSupportModulesInManaged (28ms)
				SetLoadedEditorAssemblies (1ms)
				RefreshPlugins (2ms)
				BeforeProcessingInitializeOnLoad (168ms)
				ProcessInitializeOnLoadAttributes (823ms)
				ProcessInitializeOnLoadMethodAttributes (9ms)
				AfterProcessingInitializeOnLoad (11ms)
				EditorAssembliesLoaded (0ms)
			ExecutionOrderSort2 (0ms)
			AwakeInstancesAfterBackupRestoration (9ms)
Platform modules already initialized, skipping
Refreshing native plugins compatible for Editor in 1.24 ms, found 3 plugins.
Preloading 0 native plugins for Editor in 0.00 ms.
Unloading 1663 Unused Serialized files (Serialized files now loaded: 0)
System memory in use before: 87.2 MB.
System memory in use after: 87.0 MB.

Unloading 32 unused Assets to reduce memory usage. Loaded Objects now: 2259.
Total: 4.729700 ms (FindLiveObjects: 0.354400 ms CreateObjectMapping: 0.078000 ms MarkObjects: 3.815700 ms  DeleteObjects: 0.479400 ms)

AssetImportParameters requested are different than current active one (requested -> active):
  custom:framework-win-MediaFoundation: 216162199b28c13a410421893ffa2e32 -> 
  custom:video-decoder-ogg-theora: a1e56fd34408186e4bbccfd4996cb3dc -> 
  custom:container-muxer-webm: aa71ff27fc2769a1b78a27578f13a17b -> 
  custom:container-demuxer-webm: 4f35f7cbe854078d1ac9338744f61a02 -> 
  custom:container-demuxer-ogg: 62fdf1f143b41e24485cea50d1cbac27 -> 
  custom:video-encoder-webm-vp8: eb34c28f22e8b96e1ab97ce403110664 -> 
  custom:video-decoder-webm-vp8: 9c59270c3fd7afecdb556c50c9e8de78 -> 
  custom:audio-decoder-ogg-vorbis: bf7c407c2cedff20999df2af8eb42d56 -> 
  custom:audio-encoder-webm-vorbis: bf7c407c2cedff20999df2af8eb42d56 -> 
AssetImportWorkerClient::OnTransportError - code=2 error=End of file
