Using pre-set license
Built from '2020.3/release' branch; Version is '2020.3.15f2 (6cf78cb77498) revision 7141260'; Using compiler version '192528614'; Build Type 'Release'
OS: 'Windows 10 Pro; OS build 17134.1069; Version 1803; 64bit' Language: 'es' Physical Memory: 4000 MB
BatchMode: 1, IsHumanControllingUs: 0, StartBugReporterOnCrash: 0, Is64bit: 1, IsPro: 0

 COMMAND LINE ARGUMENTS:
C:\Program Files\2020.3.15f2\Editor\Unity.exe
-adb2
-batchMode
-noUpm
-name
AssetImportWorker43
-projectPath
C:/Users/sebas/Desktop/Graffitour
-logFile
Logs/AssetImportWorker43.log
-srvPort
50142
Successfully changed project path to: C:/Users/sebas/Desktop/Graffitour
C:/Users/sebas/Desktop/Graffitour
Using Asset Import Pipeline V2.
Refreshing native plugins compatible for Editor in 337.80 ms, found 3 plugins.
Preloading 0 native plugins for Editor in 0.00 ms.
Initialize engine version: 2020.3.15f2 (6cf78cb77498)
[Subsystems] Discovering subsystems at path C:/Program Files/2020.3.15f2/Editor/Data/Resources/UnitySubsystems
[Subsystems] Discovering subsystems at path C:/Users/sebas/Desktop/Graffitour/Assets
GfxDevice: creating device client; threaded=0
Direct3D:
    Version:  Direct3D 11.0 [level 11.1]
    Renderer: Intel(R) HD Graphics (ID=0x22b1)
    Vendor:   
    VRAM:     2000 MB
    Driver:   20.19.15.4462
Initialize mono
Mono path[0] = 'C:/Program Files/2020.3.15f2/Editor/Data/Managed'
Mono path[1] = 'C:/Program Files/2020.3.15f2/Editor/Data/MonoBleedingEdge/lib/mono/unityjit'
Mono config path = 'C:/Program Files/2020.3.15f2/Editor/Data/MonoBleedingEdge/etc'
Using monoOptions --debugger-agent=transport=dt_socket,embedding=1,server=y,suspend=n,address=127.0.0.1:56952
Begin MonoManager ReloadAssembly
Registering precompiled unity dll's ...
Register platform support module: C:/Program Files/2020.3.15f2/Editor/Data/PlaybackEngines/WindowsStandaloneSupport/UnityEditor.WindowsStandalone.Extensions.dll
Registered in 0.008744 seconds.
Native extension for WindowsStandalone target not found
Refreshing native plugins compatible for Editor in 233.42 ms, found 3 plugins.
Preloading 0 native plugins for Editor in 0.00 ms.
Mono: successfully reloaded assembly
- Completed reload, in  6.579 seconds
Domain Reload Profiling:
	ReloadAssembly (6580ms)
		BeginReloadAssembly (284ms)
			ExecutionOrderSort (0ms)
			DisableScriptedObjects (0ms)
			BackupInstance (0ms)
			ReleaseScriptingObjects (0ms)
			CreateAndSetChildDomain (3ms)
		EndReloadAssembly (2566ms)
			LoadAssemblies (274ms)
			RebuildTransferFunctionScriptingTraits (1ms)
			SetupTypeCache (911ms)
			ReleaseScriptCaches (0ms)
			RebuildScriptCaches (175ms)
			SetupLoadedEditorAssemblies (1108ms)
				LogAssemblyErrors (0ms)
				InitializePlatformSupportModulesInManaged (25ms)
				SetLoadedEditorAssemblies (1ms)
				RefreshPlugins (234ms)
				BeforeProcessingInitializeOnLoad (35ms)
				ProcessInitializeOnLoadAttributes (447ms)
				ProcessInitializeOnLoadMethodAttributes (364ms)
				AfterProcessingInitializeOnLoad (0ms)
				EditorAssembliesLoaded (2ms)
			ExecutionOrderSort2 (0ms)
			AwakeInstancesAfterBackupRestoration (0ms)
Platform modules already initialized, skipping
Registering precompiled user dll's ...
Registered in 0.064411 seconds.
Begin MonoManager ReloadAssembly
Native extension for WindowsStandalone target not found
Refreshing native plugins compatible for Editor in 2.33 ms, found 3 plugins.
Preloading 0 native plugins for Editor in 0.00 ms.
Mono: successfully reloaded assembly
- Completed reload, in  7.498 seconds
Domain Reload Profiling:
	ReloadAssembly (7515ms)
		BeginReloadAssembly (847ms)
			ExecutionOrderSort (0ms)
			DisableScriptedObjects (25ms)
			BackupInstance (0ms)
			ReleaseScriptingObjects (0ms)
			CreateAndSetChildDomain (102ms)
		EndReloadAssembly (6303ms)
			LoadAssemblies (596ms)
			RebuildTransferFunctionScriptingTraits (0ms)
			SetupTypeCache (2131ms)
			ReleaseScriptCaches (1ms)
			RebuildScriptCaches (344ms)
			SetupLoadedEditorAssemblies (2549ms)
				LogAssemblyErrors (0ms)
				InitializePlatformSupportModulesInManaged (28ms)
				SetLoadedEditorAssemblies (3ms)
				RefreshPlugins (3ms)
				BeforeProcessingInitializeOnLoad (273ms)
				ProcessInitializeOnLoadAttributes (2181ms)
				ProcessInitializeOnLoadMethodAttributes (31ms)
				AfterProcessingInitializeOnLoad (29ms)
				EditorAssembliesLoaded (1ms)
			ExecutionOrderSort2 (0ms)
			AwakeInstancesAfterBackupRestoration (37ms)
Platform modules already initialized, skipping
========================================================================
Worker process is ready to serve import requests
Launched and connected shader compiler UnityShaderCompiler.exe after 0.47 seconds
Refreshing native plugins compatible for Editor in 2.28 ms, found 3 plugins.
Preloading 0 native plugins for Editor in 0.00 ms.
Unloading 1690 Unused Serialized files (Serialized files now loaded: 0)
System memory in use before: 85.4 MB.
System memory in use after: 85.1 MB.

Unloading 37 unused Assets to reduce memory usage. Loaded Objects now: 2205.
Total: 13.146357 ms (FindLiveObjects: 1.621213 ms CreateObjectMapping: 0.377622 ms MarkObjects: 9.946813 ms  DeleteObjects: 1.194309 ms)

AssetImportParameters requested are different than current active one (requested -> active):
  custom:framework-win-MediaFoundation: 216162199b28c13a410421893ffa2e32 -> 
  custom:video-decoder-ogg-theora: a1e56fd34408186e4bbccfd4996cb3dc -> 
  custom:container-muxer-webm: aa71ff27fc2769a1b78a27578f13a17b -> 
  custom:container-demuxer-webm: 4f35f7cbe854078d1ac9338744f61a02 -> 
  custom:container-demuxer-ogg: 62fdf1f143b41e24485cea50d1cbac27 -> 
  custom:video-encoder-webm-vp8: eb34c28f22e8b96e1ab97ce403110664 -> 
  custom:video-codec-MediaFoundation-h265: 746d11721c4dcdbdad8f713fa42b33f4 -> 
  custom:video-decoder-webm-vp8: 9c59270c3fd7afecdb556c50c9e8de78 -> 
  custom:audio-decoder-ogg-vorbis: bf7c407c2cedff20999df2af8eb42d56 -> 
  custom:audio-encoder-webm-vorbis: bf7c407c2cedff20999df2af8eb42d56 -> 
========================================================================
Received Import Request.
  path: Assets/laxer tree pkg/Textures/bark pine wh.png
  artifactKey: Guid(a0ee16bfb2caadb49a6c4dd528026e43) Importer(815301076,1909f56bfc062723c751e8b465ee728b)
Start importing Assets/laxer tree pkg/Textures/bark pine wh.png using Guid(a0ee16bfb2caadb49a6c4dd528026e43) Importer(815301076,1909f56bfc062723c751e8b465ee728b)  -> (artifact id: '969b35b7b92a2cf2610ea6b968e2f52c') in 1.292694 seconds 
  Import took 1.304528 seconds .

========================================================================
Received Import Request.
  Time since last request: 0.001470 seconds.
  path: Assets/Materiales/Materials/balon futbol.mat
  artifactKey: Guid(c0c2e0c03563b044292fadb2b275fa43) Importer(815301076,1909f56bfc062723c751e8b465ee728b)
Start importing Assets/Materiales/Materials/balon futbol.mat using Guid(c0c2e0c03563b044292fadb2b275fa43) Importer(815301076,1909f56bfc062723c751e8b465ee728b)  -> (artifact id: 'dbb21679cd96cc0cf5d2107dbbd12c70') in 2.784426 seconds 
  Import took 3.915788 seconds .

========================================================================
Received Import Request.
  Time since last request: 0.000726 seconds.
  path: Assets/Materiales/Materials/latas 5.mat
  artifactKey: Guid(0e648e0a4b49beb458c85ef103d7b58d) Importer(815301076,1909f56bfc062723c751e8b465ee728b)
Start importing Assets/Materiales/Materials/latas 5.mat using Guid(0e648e0a4b49beb458c85ef103d7b58d) Importer(815301076,1909f56bfc062723c751e8b465ee728b)  -> (artifact id: 'c2a5d25a38525337998308cf6aae5e50') in 0.416641 seconds 
  Import took 0.529915 seconds .

========================================================================
Received Import Request.
  Time since last request: 0.770609 seconds.
  path: Assets/laxer tree pkg/Textures/ast4.png
  artifactKey: Guid(3b8d65f128cc7484a9c14ba4d91ea50d) Importer(815301076,1909f56bfc062723c751e8b465ee728b)
Start importing Assets/laxer tree pkg/Textures/ast4.png using Guid(3b8d65f128cc7484a9c14ba4d91ea50d) Importer(815301076,1909f56bfc062723c751e8b465ee728b)  -> (artifact id: '792d1bef7820a8152f7d20d9e0bf7853') in 0.255539 seconds 
  Import took 0.267073 seconds .

========================================================================
Received Import Request.
  Time since last request: 0.000771 seconds.
  path: Assets/Rock Package/Materials/M_Rock_06.mat
  artifactKey: Guid(f5599d5d17120464db2c0674944061c4) Importer(815301076,1909f56bfc062723c751e8b465ee728b)
Start importing Assets/Rock Package/Materials/M_Rock_06.mat using Guid(f5599d5d17120464db2c0674944061c4) Importer(815301076,1909f56bfc062723c751e8b465ee728b)  -> (artifact id: '3f85428ec8fb6a85240b0697ac1f2635') in 0.428268 seconds 
  Import took 0.438946 seconds .

========================================================================
Received Import Request.
  Time since last request: 0.000713 seconds.
  path: Assets/graffitis/2021-11-22 (5).png
  artifactKey: Guid(88e1ef21aa0801b4c985f9120e48cb8c) Importer(815301076,1909f56bfc062723c751e8b465ee728b)
Start importing Assets/graffitis/2021-11-22 (5).png using Guid(88e1ef21aa0801b4c985f9120e48cb8c) Importer(815301076,1909f56bfc062723c751e8b465ee728b)  -> (artifact id: '3c813c39aeba4a0b906d460bfdeab403') in 0.225052 seconds 
  Import took 0.269180 seconds .

========================================================================
Received Import Request.
  Time since last request: 0.000757 seconds.
  path: Assets/laxer tree pkg/Textures/ast3.png
  artifactKey: Guid(d27897795cf19c047a586837b4201ce5) Importer(815301076,1909f56bfc062723c751e8b465ee728b)
Start importing Assets/laxer tree pkg/Textures/ast3.png using Guid(d27897795cf19c047a586837b4201ce5) Importer(815301076,1909f56bfc062723c751e8b465ee728b)  -> (artifact id: 'ad792e6028ff50dad5cb761e60ddb5f5') in 0.214735 seconds 
  Import took 0.224534 seconds .

========================================================================
Received Import Request.
  Time since last request: 0.001004 seconds.
  path: Assets/Materiales/Materials/latas 3.mat
  artifactKey: Guid(1d34a6bb0d861c24aba53fb5cbefff57) Importer(815301076,1909f56bfc062723c751e8b465ee728b)
Start importing Assets/Materiales/Materials/latas 3.mat using Guid(1d34a6bb0d861c24aba53fb5cbefff57) Importer(815301076,1909f56bfc062723c751e8b465ee728b)  -> (artifact id: '48d04a54f7ecfb15c047858ce01a5892') in 0.205973 seconds 
  Import took 0.220882 seconds .

========================================================================
Received Import Request.
  Time since last request: 0.001362 seconds.
  path: Assets/laxer tree pkg/Mobile/baum ld1 mobile.prefab
  artifactKey: Guid(23062208c1e1ace4d9e5270be8b68dcb) Importer(815301076,1909f56bfc062723c751e8b465ee728b)
Start importing Assets/laxer tree pkg/Mobile/baum ld1 mobile.prefab using Guid(23062208c1e1ace4d9e5270be8b68dcb) Importer(815301076,1909f56bfc062723c751e8b465ee728b)  -> (artifact id: 'f6b350bc717b5b7b95293976d230036c') in 0.331215 seconds 
  Import took 0.462782 seconds .

========================================================================
Received Import Request.
  Time since last request: 0.000949 seconds.
  path: Assets/Materiales/Materials/piso.mat
  artifactKey: Guid(9f49da3306ba6a34bb72b7cfa55449e3) Importer(815301076,1909f56bfc062723c751e8b465ee728b)
Start importing Assets/Materiales/Materials/piso.mat using Guid(9f49da3306ba6a34bb72b7cfa55449e3) Importer(815301076,1909f56bfc062723c751e8b465ee728b)  -> (artifact id: '7535336d055ba17ca9971c6bcf308cba') in 0.917604 seconds 
  Import took 1.026044 seconds .

========================================================================
Received Import Request.
  Time since last request: 0.001352 seconds.
  path: Assets/Materiales/Materials/descarga.jpg
  artifactKey: Guid(ba76dba1cd12008488fc37a9af5cbe4e) Importer(815301076,1909f56bfc062723c751e8b465ee728b)
Start importing Assets/Materiales/Materials/descarga.jpg using Guid(ba76dba1cd12008488fc37a9af5cbe4e) Importer(815301076,1909f56bfc062723c751e8b465ee728b)  -> (artifact id: 'c12d84e56d75caa85602ac579814a717') in 0.485949 seconds 
  Import took 0.595783 seconds .

========================================================================
Received Import Request.
  Time since last request: 0.000703 seconds.
  path: Assets/laxer tree pkg/Textures/bark pine.png
  artifactKey: Guid(5acaa997b6100fb47b024c69aeb52788) Importer(815301076,1909f56bfc062723c751e8b465ee728b)
Start importing Assets/laxer tree pkg/Textures/bark pine.png using Guid(5acaa997b6100fb47b024c69aeb52788) Importer(815301076,1909f56bfc062723c751e8b465ee728b)  -> (artifact id: '94c8cb1157a0de1658597db02c9e83a3') in 0.225132 seconds 
  Import took 0.237177 seconds .

========================================================================
Received Import Request.
  Time since last request: 0.000171 seconds.
  path: Assets/graffitis/2021-11-22 (18) 1.png
  artifactKey: Guid(0138d58731f258244a4c70bf75e07e4a) Importer(815301076,1909f56bfc062723c751e8b465ee728b)
Start importing Assets/graffitis/2021-11-22 (18) 1.png using Guid(0138d58731f258244a4c70bf75e07e4a) Importer(815301076,1909f56bfc062723c751e8b465ee728b)  -> (artifact id: '6c4436bb15c70c316a85ca4f12ab539b') in 0.992197 seconds 
  Import took 2.318082 seconds .

========================================================================
Received Import Request.
  Time since last request: 0.000698 seconds.
  path: Assets/Rock Package/Texture/T_Rock_02_D.TGA
  artifactKey: Guid(be484fbbcf8571e4891ac9d862635c60) Importer(815301076,1909f56bfc062723c751e8b465ee728b)
Start importing Assets/Rock Package/Texture/T_Rock_02_D.TGA using Guid(be484fbbcf8571e4891ac9d862635c60) Importer(815301076,1909f56bfc062723c751e8b465ee728b)  -> (artifact id: '536d0efec896465549fb8d5fc1e32d00') in 0.828707 seconds 
  Import took 0.998969 seconds .

========================================================================
Received Import Request.
  Time since last request: 0.056848 seconds.
  path: Assets/Materiales/Materials/New Material.mat
  artifactKey: Guid(eb665ec7b91e6af4b9959ecdb5c0268e) Importer(815301076,1909f56bfc062723c751e8b465ee728b)
Start importing Assets/Materiales/Materials/New Material.mat using Guid(eb665ec7b91e6af4b9959ecdb5c0268e) Importer(815301076,1909f56bfc062723c751e8b465ee728b)  -> (artifact id: '0ae54d9db5f62a146b171ce0af871c13') in 0.252832 seconds 
  Import took 1.203712 seconds .

========================================================================
Received Import Request.
  Time since last request: 0.001372 seconds.
  path: Assets/Rock Package/Texture/T_Rock_02_N.TGA
  artifactKey: Guid(881bd23edd0acdd469d8cb768867b181) Importer(815301076,1909f56bfc062723c751e8b465ee728b)
Start importing Assets/Rock Package/Texture/T_Rock_02_N.TGA using Guid(881bd23edd0acdd469d8cb768867b181) Importer(815301076,1909f56bfc062723c751e8b465ee728b)  -> (artifact id: 'ab5146c568fce8d8bb5437dfc56800ec') in 0.348633 seconds 
  Import took 0.460862 seconds .

========================================================================
Received Import Request.
  Time since last request: 0.000766 seconds.
  path: Assets/laxer tree pkg/Ambient-Occlusion/baum ld0.prefab
  artifactKey: Guid(232d918e673de694d8a118b6efe0bf6f) Importer(815301076,1909f56bfc062723c751e8b465ee728b)
Start importing Assets/laxer tree pkg/Ambient-Occlusion/baum ld0.prefab using Guid(232d918e673de694d8a118b6efe0bf6f) Importer(815301076,1909f56bfc062723c751e8b465ee728b)  -> (artifact id: '0a5726129a8e57b8d484411561d563fb') in 0.386545 seconds 
  Import took 0.475415 seconds .

========================================================================
Received Import Request.
  Time since last request: 0.002010 seconds.
  path: Assets/laxer tree pkg/Mobile
  artifactKey: Guid(d64d65418ec4e1f419c2dcc8185c7a02) Importer(815301076,1909f56bfc062723c751e8b465ee728b)
Start importing Assets/laxer tree pkg/Mobile using Guid(d64d65418ec4e1f419c2dcc8185c7a02) Importer(815301076,1909f56bfc062723c751e8b465ee728b)  -> (artifact id: '53281b80959072a7fd24748a1d7916fc') in 0.044488 seconds 
  Import took 0.154200 seconds .

========================================================================
Received Import Request.
  Time since last request: 0.099264 seconds.
  path: Assets/Materiales/Materials/latas 2.mat
  artifactKey: Guid(0b954bc7f44affe42918a0db7856bb5d) Importer(815301076,1909f56bfc062723c751e8b465ee728b)
Start importing Assets/Materiales/Materials/latas 2.mat using Guid(0b954bc7f44affe42918a0db7856bb5d) Importer(815301076,1909f56bfc062723c751e8b465ee728b)  -> (artifact id: '0c6beee6a5503e13c2af36edadbe7e11') in 0.187989 seconds 
  Import took 0.198984 seconds .

========================================================================
Received Import Request.
  Time since last request: 0.001279 seconds.
  path: Assets/Materiales/Materials/textura-de-fondo-acero-metálico-patrón-suelo-un-metal-placa-diamante-sin-soldadura-191789879.jpg
  artifactKey: Guid(97117ee9b3ac61948a09138a0d7bce4a) Importer(815301076,1909f56bfc062723c751e8b465ee728b)
Start importing Assets/Materiales/Materials/textura-de-fondo-acero-metálico-patrón-suelo-un-metal-placa-diamante-sin-soldadura-191789879.jpg using Guid(97117ee9b3ac61948a09138a0d7bce4a) Importer(815301076,1909f56bfc062723c751e8b465ee728b)  -> (artifact id: '5c2fdb2c46de78268be55eb1438c1bdc') in 0.743514 seconds 
  Import took 0.756100 seconds .

========================================================================
Received Import Request.
  Time since last request: 0.000755 seconds.
  path: Assets/graffitis/2021-11-22 (19).png
  artifactKey: Guid(efbcfd55cb6982142ba629a99b372076) Importer(815301076,1909f56bfc062723c751e8b465ee728b)
Start importing Assets/graffitis/2021-11-22 (19).png using Guid(efbcfd55cb6982142ba629a99b372076) Importer(815301076,1909f56bfc062723c751e8b465ee728b)  -> (artifact id: '9cd653753de3524c06e989770b1e2d58') in 0.173912 seconds 
  Import took 0.503473 seconds .

========================================================================
Received Import Request.
  Time since last request: 0.001461 seconds.
  path: Assets/Materiales/Materials/ladrillo.mat
  artifactKey: Guid(888e935b21c9e134189e86862040da99) Importer(815301076,1909f56bfc062723c751e8b465ee728b)
Start importing Assets/Materiales/Materials/ladrillo.mat using Guid(888e935b21c9e134189e86862040da99) Importer(815301076,1909f56bfc062723c751e8b465ee728b)  -> (artifact id: '30103f2779854fbeb1ea3fde2f9ad77f') in 0.329940 seconds 
  Import took 0.341193 seconds .

========================================================================
Received Import Request.
  Time since last request: 0.030801 seconds.
  path: Assets/laxer tree pkg/Models/baum hd fbx.fbx
  artifactKey: Guid(9b27b908e66bddb42940797bc06df908) Importer(815301076,1909f56bfc062723c751e8b465ee728b)
Start importing Assets/laxer tree pkg/Models/baum hd fbx.fbx using Guid(9b27b908e66bddb42940797bc06df908) Importer(815301076,1909f56bfc062723c751e8b465ee728b)  -> (artifact id: '50634cb878ae2057e6ed6a65ac4966d0') in 0.799638 seconds 
  Import took 0.814952 seconds .

========================================================================
Received Import Request.
  Time since last request: 0.109105 seconds.
  path: Assets/graffitis/2021-11-22 (15).png
  artifactKey: Guid(62900f50afdda684ca3334eec64a503c) Importer(815301076,1909f56bfc062723c751e8b465ee728b)
Start importing Assets/graffitis/2021-11-22 (15).png using Guid(62900f50afdda684ca3334eec64a503c) Importer(815301076,1909f56bfc062723c751e8b465ee728b)  -> (artifact id: '3578cd75626098f0dad4b30dba0a0e9e') in 0.225294 seconds 
  Import took 0.237742 seconds .

========================================================================
Received Import Request.
  Time since last request: 0.000913 seconds.
  path: Assets/Rock Package/Texture/T_Rock_01_N.TGA
  artifactKey: Guid(9c1617e3b0f33bf41ac0711027f382de) Importer(815301076,1909f56bfc062723c751e8b465ee728b)
Start importing Assets/Rock Package/Texture/T_Rock_01_N.TGA using Guid(9c1617e3b0f33bf41ac0711027f382de) Importer(815301076,1909f56bfc062723c751e8b465ee728b)  -> (artifact id: '2d39072c833dcbd9886e49e6a436dba5') in 0.369098 seconds 
  Import took 0.396234 seconds .

========================================================================
Received Import Request.
  Time since last request: 0.001350 seconds.
  path: Assets/Materiales/Materials/descarga.mat
  artifactKey: Guid(372edc08c275b6346b32aabc07682a5a) Importer(815301076,1909f56bfc062723c751e8b465ee728b)
Start importing Assets/Materiales/Materials/descarga.mat using Guid(372edc08c275b6346b32aabc07682a5a) Importer(815301076,1909f56bfc062723c751e8b465ee728b)  -> (artifact id: '3aa4ab53bbe3c69e4d4e136add756ae4') in 0.186139 seconds 
  Import took 0.201019 seconds .

========================================================================
Received Import Request.
  Time since last request: 0.000927 seconds.
  path: Assets/laxer tree pkg/Models/baum hd med fbx.fbx
  artifactKey: Guid(8606c21208a6abf4aa86e39e9938598b) Importer(815301076,1909f56bfc062723c751e8b465ee728b)
Start importing Assets/laxer tree pkg/Models/baum hd med fbx.fbx using Guid(8606c21208a6abf4aa86e39e9938598b) Importer(815301076,1909f56bfc062723c751e8b465ee728b)  -> (artifact id: '656d46da56a5796a311b43044ef35b82') in 0.427970 seconds 
  Import took 1.091338 seconds .

========================================================================
Received Import Request.
  Time since last request: 0.001673 seconds.
  path: Assets/Materiales/Materials/piso metalico.mat
  artifactKey: Guid(ce8766ea2fe0c8a499c62a8866582605) Importer(815301076,1909f56bfc062723c751e8b465ee728b)
Start importing Assets/Materiales/Materials/piso metalico.mat using Guid(ce8766ea2fe0c8a499c62a8866582605) Importer(815301076,1909f56bfc062723c751e8b465ee728b)  -> (artifact id: 'a9d02417c64411e29e513b2b36675247') in 0.201953 seconds 
  Import took 0.249263 seconds .

========================================================================
Received Import Request.
  Time since last request: 0.000785 seconds.
  path: Assets/Materiales/Materials/realistic-basketball-texture-illustration-vector.jpg
  artifactKey: Guid(ca584423021ffe3458f4f9de981a0d88) Importer(815301076,1909f56bfc062723c751e8b465ee728b)
Start importing Assets/Materiales/Materials/realistic-basketball-texture-illustration-vector.jpg using Guid(ca584423021ffe3458f4f9de981a0d88) Importer(815301076,1909f56bfc062723c751e8b465ee728b)  -> (artifact id: '1778a7f59ce79db7d01a96e6adfd5857') in 0.212473 seconds 
  Import took 0.222906 seconds .

========================================================================
Received Import Request.
  Time since last request: 0.001488 seconds.
  path: Assets/Materiales/Materials/cb2020df3a74daa9c78b568e176b7692.jpg
  artifactKey: Guid(30cd826b2a5c9c6499f0d4d19c7951d8) Importer(815301076,1909f56bfc062723c751e8b465ee728b)
Start importing Assets/Materiales/Materials/cb2020df3a74daa9c78b568e176b7692.jpg using Guid(30cd826b2a5c9c6499f0d4d19c7951d8) Importer(815301076,1909f56bfc062723c751e8b465ee728b)  -> (artifact id: '7f3efed28c5a34340d4378b708e89a88') in 0.102199 seconds 
  Import took 0.140852 seconds .

========================================================================
Received Import Request.
  Time since last request: 0.000698 seconds.
  path: Assets/Materiales/Materials/escalones.mat
  artifactKey: Guid(3f8f9b89f12850d4db02fcd68a25eda1) Importer(815301076,1909f56bfc062723c751e8b465ee728b)
Start importing Assets/Materiales/Materials/escalones.mat using Guid(3f8f9b89f12850d4db02fcd68a25eda1) Importer(815301076,1909f56bfc062723c751e8b465ee728b)  -> (artifact id: '5c966369b9c991a682502cae560dfaab') in 0.345934 seconds 
  Import took 0.368376 seconds .

========================================================================
Received Import Request.
  Time since last request: 0.000843 seconds.
  path: Assets/Rock Package/Mesh/Rock_03.FBX
  artifactKey: Guid(48320e7576ce0664eb501ebbd6c815da) Importer(815301076,1909f56bfc062723c751e8b465ee728b)
Start importing Assets/Rock Package/Mesh/Rock_03.FBX using Guid(48320e7576ce0664eb501ebbd6c815da) Importer(815301076,1909f56bfc062723c751e8b465ee728b)  -> (artifact id: '656e879628c87bbb7cbc6a53b2e46e34') in 0.807797 seconds 
  Import took 1.888991 seconds .

========================================================================
Received Import Request.
  Time since last request: 0.000766 seconds.
  path: Assets/Materiales/Materials/varandales.mat
  artifactKey: Guid(d3061e70f28b851498a9ad962371a31a) Importer(815301076,1909f56bfc062723c751e8b465ee728b)
Start importing Assets/Materiales/Materials/varandales.mat using Guid(d3061e70f28b851498a9ad962371a31a) Importer(815301076,1909f56bfc062723c751e8b465ee728b)  -> (artifact id: '1a1d464619201310f9b74b738ce3b8f6') in 0.278908 seconds 
  Import took 0.289494 seconds .

========================================================================
Received Import Request.
  Time since last request: 0.104565 seconds.
  path: Assets/Materiales/Materials/goma.mat
  artifactKey: Guid(e099569931291ca438cf9a27240ace9f) Importer(815301076,1909f56bfc062723c751e8b465ee728b)
Start importing Assets/Materiales/Materials/goma.mat using Guid(e099569931291ca438cf9a27240ace9f) Importer(815301076,1909f56bfc062723c751e8b465ee728b)  -> (artifact id: 'a4da2dfbed19a1132e3d844ab4659094') in 0.164294 seconds 
  Import took 0.188346 seconds .

========================================================================
Received Import Request.
  Time since last request: 0.001658 seconds.
  path: Assets/laxer tree pkg/Mobile/baum ld0 mobile.prefab
  artifactKey: Guid(d7ebb2b5789a2be45b7bd26b3b9d50aa) Importer(815301076,1909f56bfc062723c751e8b465ee728b)
Start importing Assets/laxer tree pkg/Mobile/baum ld0 mobile.prefab using Guid(d7ebb2b5789a2be45b7bd26b3b9d50aa) Importer(815301076,1909f56bfc062723c751e8b465ee728b)  -> (artifact id: '310ef5e63910a3df11a63ecdc8729f95') in 0.242994 seconds 
  Import took 0.254569 seconds .

========================================================================
Received Import Request.
  Time since last request: 0.001087 seconds.
  path: Assets/graffitis/2021-11-22 (7).png
  artifactKey: Guid(059c754099ac89040b198e08cc0f8790) Importer(815301076,1909f56bfc062723c751e8b465ee728b)
Start importing Assets/graffitis/2021-11-22 (7).png using Guid(059c754099ac89040b198e08cc0f8790) Importer(815301076,1909f56bfc062723c751e8b465ee728b)  -> (artifact id: '2603b9bacaf5b6d0f7246d5ae498bee6') in 0.218897 seconds 
  Import took 0.229973 seconds .

========================================================================
Received Import Request.
  Time since last request: 0.000180 seconds.
  path: Assets/laxer tree pkg/Mobile/baum ld2 mobile.prefab
  artifactKey: Guid(78fdf95c4c2d7384a8957ee310d2b067) Importer(815301076,1909f56bfc062723c751e8b465ee728b)
Start importing Assets/laxer tree pkg/Mobile/baum ld2 mobile.prefab using Guid(78fdf95c4c2d7384a8957ee310d2b067) Importer(815301076,1909f56bfc062723c751e8b465ee728b)  -> (artifact id: '7751a24182ed2f1bdd7fe3d657ad84c8') in 1.195885 seconds 
  Import took 1.209366 seconds .

========================================================================
Received Import Request.
  Time since last request: 0.000829 seconds.
  path: Assets/Materiales/Materials/balon-futbol-blanco-negro-patrones-fisuras_1214-362.jpg
  artifactKey: Guid(00f98ea391963714795d931c3ea85fb8) Importer(815301076,1909f56bfc062723c751e8b465ee728b)
Start importing Assets/Materiales/Materials/balon-futbol-blanco-negro-patrones-fisuras_1214-362.jpg using Guid(00f98ea391963714795d931c3ea85fb8) Importer(815301076,1909f56bfc062723c751e8b465ee728b)  -> (artifact id: '53bc3ac8e61adec8c725cad0ebdaa3e6') in 0.175592 seconds 
  Import took 0.186319 seconds .

========================================================================
Received Import Request.
  Time since last request: 0.000214 seconds.
  path: Assets/Rock Package/Materials/M_Rock_01.mat
  artifactKey: Guid(629f1c618eae4db4b9db2f7f4c102b39) Importer(815301076,1909f56bfc062723c751e8b465ee728b)
Start importing Assets/Rock Package/Materials/M_Rock_01.mat using Guid(629f1c618eae4db4b9db2f7f4c102b39) Importer(815301076,1909f56bfc062723c751e8b465ee728b)  -> (artifact id: 'e494eb0a74fd6e73fb7baf1cf30cb3b6') in 0.358014 seconds 
  Import took 0.409506 seconds .

========================================================================
Received Import Request.
  Time since last request: 0.001069 seconds.
  path: Assets/Rock Package/Mesh/Rock_01.FBX
  artifactKey: Guid(f5df519d22979c248a77eadf5651b327) Importer(815301076,1909f56bfc062723c751e8b465ee728b)
Start importing Assets/Rock Package/Mesh/Rock_01.FBX using Guid(f5df519d22979c248a77eadf5651b327) Importer(815301076,1909f56bfc062723c751e8b465ee728b)  -> (artifact id: 'ade5ac74af003de99a4b61deeb65bca1') in 1.546637 seconds 
  Import took 1.559571 seconds .

========================================================================
Received Import Request.
  Time since last request: 0.000753 seconds.
  path: Assets/Materiales/Materials/descargar.jpeg
  artifactKey: Guid(b4ae6112a9f71474ba06546848944dc5) Importer(815301076,1909f56bfc062723c751e8b465ee728b)
Start importing Assets/Materiales/Materials/descargar.jpeg using Guid(b4ae6112a9f71474ba06546848944dc5) Importer(815301076,1909f56bfc062723c751e8b465ee728b)  -> (artifact id: '63e6beb352da22b274af5192c5e50e6c') in 0.246791 seconds 
  Import took 0.278581 seconds .

========================================================================
Received Import Request.
  Time since last request: 0.000750 seconds.
  path: Assets/Materiales/Materials/56659510-seamless-textura-de-la-piel-de-un-balón-de-fútbol.jpg
  artifactKey: Guid(1cfc0e8aa38c8dc46a71c4fffdd92bdf) Importer(815301076,1909f56bfc062723c751e8b465ee728b)
Start importing Assets/Materiales/Materials/56659510-seamless-textura-de-la-piel-de-un-balón-de-fútbol.jpg using Guid(1cfc0e8aa38c8dc46a71c4fffdd92bdf) Importer(815301076,1909f56bfc062723c751e8b465ee728b)  -> (artifact id: 'b372369160e1d67a619cc9a5b7464563') in 0.207538 seconds 
  Import took 0.219408 seconds .

========================================================================
Received Import Request.
  Time since last request: 0.000808 seconds.
  path: Assets/graffitis/2021-11-22 (3).png
  artifactKey: Guid(bb805f0bb5bd9144a97c8423e9225a68) Importer(815301076,1909f56bfc062723c751e8b465ee728b)
Start importing Assets/graffitis/2021-11-22 (3).png using Guid(bb805f0bb5bd9144a97c8423e9225a68) Importer(815301076,1909f56bfc062723c751e8b465ee728b)  -> (artifact id: '713f646dd201245278787e5635ab00a4') in 0.216241 seconds 
  Import took 0.326750 seconds .

========================================================================
Received Import Request.
  Time since last request: 0.000816 seconds.
  path: Assets/Personaje/Ch28_nonPBR@Running.fbx
  artifactKey: Guid(1a9622bdbc8d38542af96ce2f0400004) Importer(815301076,1909f56bfc062723c751e8b465ee728b)
Start importing Assets/Personaje/Ch28_nonPBR@Running.fbx using Guid(1a9622bdbc8d38542af96ce2f0400004) Importer(815301076,1909f56bfc062723c751e8b465ee728b)  -> (artifact id: '759252c940d42e2cd79d9915d00ab78a') in 2.867084 seconds 
  Import took 2.879390 seconds .

========================================================================
Received Import Request.
  Time since last request: 0.000774 seconds.
  path: Assets/graffitis/2021-11-22 (8).png
  artifactKey: Guid(542ff04bd6bce2c43bcb925ef57bc79a) Importer(815301076,1909f56bfc062723c751e8b465ee728b)
Start importing Assets/graffitis/2021-11-22 (8).png using Guid(542ff04bd6bce2c43bcb925ef57bc79a) Importer(815301076,1909f56bfc062723c751e8b465ee728b)  -> (artifact id: '64b09108e034955026768001d834f52d') in 0.290338 seconds 
  Import took 1.342020 seconds .

========================================================================
Received Import Request.
  Time since last request: 0.000717 seconds.
  path: Assets/Materiales/Materials/balon baloncesto.mat
  artifactKey: Guid(3bdb76086eafe124791773e78ee21b56) Importer(815301076,1909f56bfc062723c751e8b465ee728b)
Start importing Assets/Materiales/Materials/balon baloncesto.mat using Guid(3bdb76086eafe124791773e78ee21b56) Importer(815301076,1909f56bfc062723c751e8b465ee728b)  -> (artifact id: 'ab98ad6f578d31b9691fbb3a60474ef1') in 0.190779 seconds 
  Import took 0.303697 seconds .

========================================================================
Received Import Request.
  Time since last request: 0.000765 seconds.
  path: Assets/Materiales/Materials/pavimento.jpg
  artifactKey: Guid(7f8d2b0014b81d74a8fe2fc2d6741a6b) Importer(815301076,1909f56bfc062723c751e8b465ee728b)
Start importing Assets/Materiales/Materials/pavimento.jpg using Guid(7f8d2b0014b81d74a8fe2fc2d6741a6b) Importer(815301076,1909f56bfc062723c751e8b465ee728b)  -> (artifact id: 'a3deb9bc533558ab306d2d1cb716017d') in 0.197762 seconds 
  Import took 0.208644 seconds .

========================================================================
Received Import Request.
  Time since last request: 0.098315 seconds.
  path: Assets/Rock Package/Materials/M_Ground.mat
  artifactKey: Guid(85dc2b26bc1135343bd736d565a88161) Importer(815301076,1909f56bfc062723c751e8b465ee728b)
Start importing Assets/Rock Package/Materials/M_Ground.mat using Guid(85dc2b26bc1135343bd736d565a88161) Importer(815301076,1909f56bfc062723c751e8b465ee728b)  -> (artifact id: 'a1b6ee3f7c08bcbfdc7528ce4a0996b8') in 0.768652 seconds 
  Import took 0.780972 seconds .

========================================================================
Received Import Request.
  Time since last request: 0.000861 seconds.
  path: Assets/laxer tree pkg/Textures/ast5.png
  artifactKey: Guid(182472b00808f914fa8dc807ff58b574) Importer(815301076,1909f56bfc062723c751e8b465ee728b)
Start importing Assets/laxer tree pkg/Textures/ast5.png using Guid(182472b00808f914fa8dc807ff58b574) Importer(815301076,1909f56bfc062723c751e8b465ee728b)  -> (artifact id: 'c4e0cb404f21c1dc162ec741330273b8') in 0.255407 seconds 
  Import took 0.265757 seconds .

========================================================================
Received Import Request.
  Time since last request: 0.000196 seconds.
  path: Assets/laxer tree pkg/Textures/bark wh.png
  artifactKey: Guid(745e2f075c26fd84b9471b243d577562) Importer(815301076,1909f56bfc062723c751e8b465ee728b)
Start importing Assets/laxer tree pkg/Textures/bark wh.png using Guid(745e2f075c26fd84b9471b243d577562) Importer(815301076,1909f56bfc062723c751e8b465ee728b)  -> (artifact id: 'fa1a8abe758fb4cc4798afc9cca58e8c') in 0.204082 seconds 
  Import took 1.082083 seconds .

========================================================================
Received Import Request.
  Time since last request: 0.095455 seconds.
  path: Assets/Rock Package/Mesh/Rock_06.FBX
  artifactKey: Guid(476d7e24f53ccf641805646d05f61bde) Importer(815301076,1909f56bfc062723c751e8b465ee728b)
Start importing Assets/Rock Package/Mesh/Rock_06.FBX using Guid(476d7e24f53ccf641805646d05f61bde) Importer(815301076,1909f56bfc062723c751e8b465ee728b)  -> (artifact id: 'f8e2ac7643219688f82490aad5330c39') in 0.442986 seconds 
  Import took 0.455183 seconds .

========================================================================
Received Import Request.
  Time since last request: 0.001445 seconds.
  path: Assets/laxer tree pkg/Ambient-Occlusion
  artifactKey: Guid(1845600e12faef944a97c17195e32568) Importer(815301076,1909f56bfc062723c751e8b465ee728b)
Start importing Assets/laxer tree pkg/Ambient-Occlusion using Guid(1845600e12faef944a97c17195e32568) Importer(815301076,1909f56bfc062723c751e8b465ee728b)  -> (artifact id: '64a903aca0a717b6b2ac930b396a398f') in 0.067470 seconds 
  Import took 0.213514 seconds .

========================================================================
Received Import Request.
  Time since last request: 0.000733 seconds.
  path: Assets/Materiales/Materials/transparente.mat
  artifactKey: Guid(0e9caf5688eface42a8947541298c028) Importer(815301076,1909f56bfc062723c751e8b465ee728b)
Start importing Assets/Materiales/Materials/transparente.mat using Guid(0e9caf5688eface42a8947541298c028) Importer(815301076,1909f56bfc062723c751e8b465ee728b)  -> (artifact id: '077f6da7380b559ffeffa951747a478d') in 1.757843 seconds 
  Import took 1.769205 seconds .

========================================================================
Received Import Request.
  Time since last request: 0.000901 seconds.
  path: Assets/laxer tree pkg/Models/baum ld0(enhanced).asset
  artifactKey: Guid(a59384daf2a0cf3468a8629697d40866) Importer(815301076,1909f56bfc062723c751e8b465ee728b)
Start importing Assets/laxer tree pkg/Models/baum ld0(enhanced).asset using Guid(a59384daf2a0cf3468a8629697d40866) Importer(815301076,1909f56bfc062723c751e8b465ee728b)  -> (artifact id: '8ecefc5dc8f3d94d9be36af6cdf690bc') in 0.379965 seconds 
  Import took 0.390804 seconds .

========================================================================
Received Import Request.
  Time since last request: 0.000179 seconds.
  path: Assets/graffitis/2021-11-22 (1).png
  artifactKey: Guid(e3d2d867145f39c4ea0969b22fa69830) Importer(815301076,1909f56bfc062723c751e8b465ee728b)
Start importing Assets/graffitis/2021-11-22 (1).png using Guid(e3d2d867145f39c4ea0969b22fa69830) Importer(815301076,1909f56bfc062723c751e8b465ee728b)  -> (artifact id: '66f3f060d3996341f75158934b3a00f7') in 0.192415 seconds 
  Import took 0.297681 seconds .

========================================================================
Received Import Request.
  Time since last request: 0.000725 seconds.
  path: Assets/graffitis/2021-11-22 (10).png
  artifactKey: Guid(e286d60f0de14984ab463758ddb24b78) Importer(815301076,1909f56bfc062723c751e8b465ee728b)
Start importing Assets/graffitis/2021-11-22 (10).png using Guid(e286d60f0de14984ab463758ddb24b78) Importer(815301076,1909f56bfc062723c751e8b465ee728b)  -> (artifact id: 'a58626ca5f5127227c904daba87293f1') in 0.179014 seconds 
  Import took 0.302390 seconds .

========================================================================
Received Import Request.
  Time since last request: 0.099524 seconds.
  path: Assets/Personaje/Ch28_nonPBR.fbx
  artifactKey: Guid(635576c80b597e2469ad3f1ebd1776ef) Importer(815301076,1909f56bfc062723c751e8b465ee728b)
Start importing Assets/Personaje/Ch28_nonPBR.fbx using Guid(635576c80b597e2469ad3f1ebd1776ef) Importer(815301076,1909f56bfc062723c751e8b465ee728b)  -> (artifact id: '742beebebde3757d9fefb8dcca2f60f8') in 1.610479 seconds 
  Import took 1.624435 seconds .

========================================================================
Received Import Request.
  Time since last request: 0.001539 seconds.
  path: Assets/graffitis/2021-11-22 (4).png
  artifactKey: Guid(7188d0336985e8c408a2fa4b49f32c0f) Importer(815301076,1909f56bfc062723c751e8b465ee728b)
Start importing Assets/graffitis/2021-11-22 (4).png using Guid(7188d0336985e8c408a2fa4b49f32c0f) Importer(815301076,1909f56bfc062723c751e8b465ee728b)  -> (artifact id: '42d5376107be648db9ebc3bea270c4b9') in 0.181658 seconds 
  Import took 0.293171 seconds .

========================================================================
Received Import Request.
  Time since last request: 0.000860 seconds.
  path: Assets/laxer tree pkg/Ambient-Occlusion/baum ld2.prefab
  artifactKey: Guid(011ca9ca00b21594c8a16ee78d6a8c7c) Importer(815301076,1909f56bfc062723c751e8b465ee728b)
Start importing Assets/laxer tree pkg/Ambient-Occlusion/baum ld2.prefab using Guid(011ca9ca00b21594c8a16ee78d6a8c7c) Importer(815301076,1909f56bfc062723c751e8b465ee728b)  -> (artifact id: '7cf5b665d9bb6de714c2295bd92a4007') in 0.397917 seconds 
  Import took 1.630025 seconds .

========================================================================
Received Import Request.
  Time since last request: 0.001729 seconds.
  path: Assets/laxer tree pkg/Ambient-Occlusion/baum ld1.prefab
  artifactKey: Guid(6b4b29e49f76c9f46b7f3594d299d8d9) Importer(815301076,1909f56bfc062723c751e8b465ee728b)
Start importing Assets/laxer tree pkg/Ambient-Occlusion/baum ld1.prefab using Guid(6b4b29e49f76c9f46b7f3594d299d8d9) Importer(815301076,1909f56bfc062723c751e8b465ee728b)  -> (artifact id: '228883b7af3b56055d5a62e3fd684c31') in 0.388824 seconds 
  Import took 0.400974 seconds .

========================================================================
Received Import Request.
  Time since last request: 0.000718 seconds.
  path: Assets/Materiales/Materials/basurero.mat
  artifactKey: Guid(e42d93065045e2b43877336b9aee41c7) Importer(815301076,1909f56bfc062723c751e8b465ee728b)
Start importing Assets/Materiales/Materials/basurero.mat using Guid(e42d93065045e2b43877336b9aee41c7) Importer(815301076,1909f56bfc062723c751e8b465ee728b)  -> (artifact id: 'bd9ba1265ffbc479eb33a13470ca6aab') in 0.196772 seconds 
  Import took 0.253565 seconds .

========================================================================
Received Import Request.
  Time since last request: 0.000753 seconds.
  path: Assets/Rock Package/Mesh/Rock_05.FBX
  artifactKey: Guid(d27239c9a7de0f243876d949bb27027b) Importer(815301076,1909f56bfc062723c751e8b465ee728b)
Start importing Assets/Rock Package/Mesh/Rock_05.FBX using Guid(d27239c9a7de0f243876d949bb27027b) Importer(815301076,1909f56bfc062723c751e8b465ee728b)  -> (artifact id: 'e63ce9f77a196e8ea5be079449a20825') in 1.599982 seconds 
  Import took 1.709362 seconds .

========================================================================
Received Import Request.
  Time since last request: 0.000832 seconds.
  path: Assets/Rock Package/Mesh/Rock_04.FBX
  artifactKey: Guid(6013a9231cbf28447817bbf406307ad6) Importer(815301076,1909f56bfc062723c751e8b465ee728b)
Start importing Assets/Rock Package/Mesh/Rock_04.FBX using Guid(6013a9231cbf28447817bbf406307ad6) Importer(815301076,1909f56bfc062723c751e8b465ee728b)  -> (artifact id: '5980351f775885eabc2f9826d2a63c21') in 1.796377 seconds 
  Import took 1.942101 seconds .

========================================================================
Received Import Request.
  Time since last request: 0.003034 seconds.
  path: Assets/Rock Package/Texture/T_Rock_01_D.TGA
  artifactKey: Guid(54cc804889107354fb141615938f2225) Importer(815301076,1909f56bfc062723c751e8b465ee728b)
Start importing Assets/Rock Package/Texture/T_Rock_01_D.TGA using Guid(54cc804889107354fb141615938f2225) Importer(815301076,1909f56bfc062723c751e8b465ee728b)  -> (artifact id: '43b15848ceb409da707e1f54dbf8e6f9') in 0.267685 seconds 
  Import took 0.277686 seconds .

========================================================================
Received Import Request.
  Time since last request: 0.000976 seconds.
  path: Assets/Materiales/Materials/vidrio.mat
  artifactKey: Guid(34faaf361c5d66d45b373c818e7fab67) Importer(815301076,1909f56bfc062723c751e8b465ee728b)
Start importing Assets/Materiales/Materials/vidrio.mat using Guid(34faaf361c5d66d45b373c818e7fab67) Importer(815301076,1909f56bfc062723c751e8b465ee728b)  -> (artifact id: 'b544b1a3c92d2145288211957c3603b7') in 0.240585 seconds 
  Import took 0.251415 seconds .

========================================================================
Received Import Request.
  Time since last request: 0.000784 seconds.
  path: Assets/graffitis/2021-11-22 (12).png
  artifactKey: Guid(cf3d3f5ba590aef4ca186484e1b37157) Importer(815301076,1909f56bfc062723c751e8b465ee728b)
Start importing Assets/graffitis/2021-11-22 (12).png using Guid(cf3d3f5ba590aef4ca186484e1b37157) Importer(815301076,1909f56bfc062723c751e8b465ee728b)  -> (artifact id: '463d59098e1796a8298fd7cd2d44450b') in 0.206170 seconds 
  Import took 0.216891 seconds .

========================================================================
Received Import Request.
  Time since last request: 0.001098 seconds.
  path: Assets/Personaje/Ch28_nonPBR@Left Strafe.fbx
  artifactKey: Guid(8f6aff469b1c8ba46ac765c301679f5c) Importer(815301076,1909f56bfc062723c751e8b465ee728b)
Start importing Assets/Personaje/Ch28_nonPBR@Left Strafe.fbx using Guid(8f6aff469b1c8ba46ac765c301679f5c) Importer(815301076,1909f56bfc062723c751e8b465ee728b)  -> (artifact id: 'a21a9a0b1363e8d6310184fcfb18ffbe') in 0.902195 seconds 
  Import took 0.914052 seconds .

========================================================================
Received Import Request.
  Time since last request: 0.000814 seconds.
  path: Assets/Personaje/Ch28_nonPBR@Breathing Idle.fbx
  artifactKey: Guid(1b38a0bc06a364d4bbd509372d855349) Importer(815301076,1909f56bfc062723c751e8b465ee728b)
Start importing Assets/Personaje/Ch28_nonPBR@Breathing Idle.fbx using Guid(1b38a0bc06a364d4bbd509372d855349) Importer(815301076,1909f56bfc062723c751e8b465ee728b)  -> (artifact id: '3303812ac2db0ef5a2d45dce4cf6fe8d') in 1.849532 seconds 
  Import took 1.861209 seconds .

========================================================================
Received Import Request.
  Time since last request: 0.000753 seconds.
  path: Assets/graffitis/2021-11-22 (6).png
  artifactKey: Guid(e79df83b60e65bd4b851b9c9440d043a) Importer(815301076,1909f56bfc062723c751e8b465ee728b)
Start importing Assets/graffitis/2021-11-22 (6).png using Guid(e79df83b60e65bd4b851b9c9440d043a) Importer(815301076,1909f56bfc062723c751e8b465ee728b)  -> (artifact id: '69ac0b4a42eae75377ae3e6dbd04e9fb') in 0.201349 seconds 
  Import took 0.310896 seconds .

========================================================================
Received Import Request.
  Time since last request: 0.000829 seconds.
  path: Assets/Rock Package/Materials/M_Rock_03.mat
  artifactKey: Guid(4315922abf0d24d4285a748c6c798aef) Importer(815301076,1909f56bfc062723c751e8b465ee728b)
Start importing Assets/Rock Package/Materials/M_Rock_03.mat using Guid(4315922abf0d24d4285a748c6c798aef) Importer(815301076,1909f56bfc062723c751e8b465ee728b)  -> (artifact id: '179d21f9915c059240e68073f49a52e2') in 1.306009 seconds 
  Import took 1.316063 seconds .

========================================================================
Received Import Request.
  Time since last request: 0.051031 seconds.
  path: Assets/Materiales/Materials/latas 4.mat
  artifactKey: Guid(973f5229d47dc4c4f9bbd2c3b1467cf1) Importer(815301076,1909f56bfc062723c751e8b465ee728b)
Start importing Assets/Materiales/Materials/latas 4.mat using Guid(973f5229d47dc4c4f9bbd2c3b1467cf1) Importer(815301076,1909f56bfc062723c751e8b465ee728b)  -> (artifact id: '49e86208d4f5742ff0b1f8e47f0d66b1') in 0.156005 seconds 
  Import took 0.186601 seconds .

========================================================================
Received Import Request.
  Time since last request: 0.000802 seconds.
  path: Assets/laxer tree pkg/Models/baum ld2(enhanced).asset
  artifactKey: Guid(bff71d6fe1a3e7044beabfe40f2c32aa) Importer(815301076,1909f56bfc062723c751e8b465ee728b)
Start importing Assets/laxer tree pkg/Models/baum ld2(enhanced).asset using Guid(bff71d6fe1a3e7044beabfe40f2c32aa) Importer(815301076,1909f56bfc062723c751e8b465ee728b)  -> (artifact id: '7ec4d4e48d2207ece315842eeacb0e38') in 0.168321 seconds 
  Import took 0.277157 seconds .

========================================================================
Received Import Request.
  Time since last request: 0.001589 seconds.
  path: Assets/graffitis/2021-11-22 (13).png
  artifactKey: Guid(bed43102375260f4d8ad6984312707de) Importer(815301076,1909f56bfc062723c751e8b465ee728b)
Start importing Assets/graffitis/2021-11-22 (13).png using Guid(bed43102375260f4d8ad6984312707de) Importer(815301076,1909f56bfc062723c751e8b465ee728b)  -> (artifact id: '5b110028fa8a7f05f3254b3c11e67151') in 0.198052 seconds 
  Import took 0.309242 seconds .

========================================================================
Received Import Request.
  Time since last request: 0.000759 seconds.
  path: Assets/Rock Package/Materials/M_Rock_04.mat
  artifactKey: Guid(993ea6d041b161944bea82c42d63f696) Importer(815301076,1909f56bfc062723c751e8b465ee728b)
Start importing Assets/Rock Package/Materials/M_Rock_04.mat using Guid(993ea6d041b161944bea82c42d63f696) Importer(815301076,1909f56bfc062723c751e8b465ee728b)  -> (artifact id: '0dea73442cf67ac58857e9ab2bb55ff6') in 0.241988 seconds 
  Import took 0.253798 seconds .

========================================================================
Received Import Request.
  Time since last request: 0.000821 seconds.
  path: Assets/laxer tree pkg/Models/baum hd pine fbx.fbx
  artifactKey: Guid(7163db7426b13a345b09fa28a500a5e6) Importer(815301076,1909f56bfc062723c751e8b465ee728b)
Start importing Assets/laxer tree pkg/Models/baum hd pine fbx.fbx using Guid(7163db7426b13a345b09fa28a500a5e6) Importer(815301076,1909f56bfc062723c751e8b465ee728b)  -> (artifact id: '69b3d18c64e133e0a1189d2c9336cb82') in 0.357004 seconds 
  Import took 0.377681 seconds .

========================================================================
Received Import Request.
  Time since last request: 0.000749 seconds.
  path: Assets/laxer tree pkg/Models/baum ld1(enhanced).asset
  artifactKey: Guid(719abc69a3025404a8ad750c92b489ec) Importer(815301076,1909f56bfc062723c751e8b465ee728b)
Start importing Assets/laxer tree pkg/Models/baum ld1(enhanced).asset using Guid(719abc69a3025404a8ad750c92b489ec) Importer(815301076,1909f56bfc062723c751e8b465ee728b)  -> (artifact id: 'c24d1f4ae498f0e0e324df68817d4f45') in 0.976483 seconds 
  Import took 1.092982 seconds .

========================================================================
Received Import Request.
  Time since last request: 0.000780 seconds.
  path: Assets/Rock Package/Materials
  artifactKey: Guid(c8ad7dd96642e004ab5e70ba89eb8fe7) Importer(815301076,1909f56bfc062723c751e8b465ee728b)
Start importing Assets/Rock Package/Materials using Guid(c8ad7dd96642e004ab5e70ba89eb8fe7) Importer(815301076,1909f56bfc062723c751e8b465ee728b)  -> (artifact id: '2a10534f59a98b0df7b3f17b11bf3579') in 0.111864 seconds 
  Import took 0.177421 seconds .

========================================================================
Received Import Request.
  Time since last request: 0.003289 seconds.
  path: Assets/Materiales/Materials/latas 1.mat
  artifactKey: Guid(c7d048c3143d3c7459904cb5061590d9) Importer(815301076,1909f56bfc062723c751e8b465ee728b)
Start importing Assets/Materiales/Materials/latas 1.mat using Guid(c7d048c3143d3c7459904cb5061590d9) Importer(815301076,1909f56bfc062723c751e8b465ee728b)  -> (artifact id: '165dbc6950ef086a8248b80fa892a519') in 0.222116 seconds 
  Import took 0.355481 seconds .

========================================================================
Received Import Request.
  Time since last request: 0.001014 seconds.
  path: Assets/Rock Package/Materials/M_Rock_02.mat
  artifactKey: Guid(dc6cb5217a6b4604c98072452f4c24aa) Importer(815301076,1909f56bfc062723c751e8b465ee728b)
Start importing Assets/Rock Package/Materials/M_Rock_02.mat using Guid(dc6cb5217a6b4604c98072452f4c24aa) Importer(815301076,1909f56bfc062723c751e8b465ee728b)  -> (artifact id: 'fbd14863c44b91cdae4dba777807f015') in 0.342970 seconds 
  Import took 0.451338 seconds .

========================================================================
Received Import Request.
  Time since last request: 0.050983 seconds.
  path: Assets/Materiales/Materials/balonyp.jpg
  artifactKey: Guid(9af8a2aa679b95d40aa7da7896921b47) Importer(815301076,1909f56bfc062723c751e8b465ee728b)
Start importing Assets/Materiales/Materials/balonyp.jpg using Guid(9af8a2aa679b95d40aa7da7896921b47) Importer(815301076,1909f56bfc062723c751e8b465ee728b)  -> (artifact id: 'b9fdc67f3011f629e453d96775655ff0') in 0.104721 seconds 
  Import took 1.170734 seconds .

========================================================================
Received Import Request.
  Time since last request: 0.000931 seconds.
  path: Assets/Rock Package/Mesh/Rock_02.FBX
  artifactKey: Guid(05e04fedc78047c48af519e94c595e13) Importer(815301076,1909f56bfc062723c751e8b465ee728b)
Start importing Assets/Rock Package/Mesh/Rock_02.FBX using Guid(05e04fedc78047c48af519e94c595e13) Importer(815301076,1909f56bfc062723c751e8b465ee728b)  -> (artifact id: 'aff6af78c8ab5347827a016309e4c23f') in 0.496733 seconds 
  Import took 0.509291 seconds .

========================================================================
Received Import Request.
  Time since last request: 0.013458 seconds.
  path: Assets/Rock Package/Materials/M_Rock_05.mat
  artifactKey: Guid(c3bb3860b394e414bb3935cbf8620390) Importer(815301076,1909f56bfc062723c751e8b465ee728b)
Start importing Assets/Rock Package/Materials/M_Rock_05.mat using Guid(c3bb3860b394e414bb3935cbf8620390) Importer(815301076,1909f56bfc062723c751e8b465ee728b)  -> (artifact id: '8ab4c113e0332f6b8bdd12566d59cd72') in 0.512872 seconds 
  Import took 0.539038 seconds .

========================================================================
Received Import Request.
  Time since last request: 0.000180 seconds.
  path: Assets/laxer tree pkg/Textures/bark.png
  artifactKey: Guid(8875beb1e4179154eb0ce892639eb118) Importer(815301076,1909f56bfc062723c751e8b465ee728b)
Start importing Assets/laxer tree pkg/Textures/bark.png using Guid(8875beb1e4179154eb0ce892639eb118) Importer(815301076,1909f56bfc062723c751e8b465ee728b)  -> (artifact id: '01b2223a08d78184a45c6f1d73d64e9a') in 0.169223 seconds 
  Import took 0.287829 seconds .

========================================================================
Received Import Request.
  Time since last request: 580.243988 seconds.
  path: Assets/sedan/blend
  artifactKey: Guid(134f3a2da0bd8a54e8020bb4d6cfd145) Importer(815301076,1909f56bfc062723c751e8b465ee728b)
Start importing Assets/sedan/blend using Guid(134f3a2da0bd8a54e8020bb4d6cfd145) Importer(815301076,1909f56bfc062723c751e8b465ee728b)  -> (artifact id: 'cf8b201d1a6a9b22692c8f39da00b79c') in 0.222801 seconds 
  Import took 0.574826 seconds .

========================================================================
Received Import Request.
  Time since last request: 0.000227 seconds.
  path: Assets/sedan/fbx/sedan.fbx
  artifactKey: Guid(15bcded0eddd19d4081cac7112c44ebe) Importer(815301076,1909f56bfc062723c751e8b465ee728b)
Start importing Assets/sedan/fbx/sedan.fbx using Guid(15bcded0eddd19d4081cac7112c44ebe) Importer(815301076,1909f56bfc062723c751e8b465ee728b)  -> (artifact id: '6d6b179ac85b9dc44c26a9b5b49032b3') in 28.127543 seconds 
  Import took 28.138387 seconds .

========================================================================
Received Import Request.
  Time since last request: 0.000184 seconds.
  path: Assets/sedan/Materials/wheel2.mat
  artifactKey: Guid(e9a45f31da8dc4849b9bfc3357de5124) Importer(815301076,1909f56bfc062723c751e8b465ee728b)
Start importing Assets/sedan/Materials/wheel2.mat using Guid(e9a45f31da8dc4849b9bfc3357de5124) Importer(815301076,1909f56bfc062723c751e8b465ee728b)  -> (artifact id: 'fb18a6fa1f069f9b33b91bdba747a006') in 0.181230 seconds 
  Import took 0.196695 seconds .

========================================================================
Received Import Request.
  Time since last request: 0.000965 seconds.
  path: Assets/sedan/textures/UV1.png
  artifactKey: Guid(0390ff72b07de2d44b8145507de2ad88) Importer(815301076,1909f56bfc062723c751e8b465ee728b)
Start importing Assets/sedan/textures/UV1.png using Guid(0390ff72b07de2d44b8145507de2ad88) Importer(815301076,1909f56bfc062723c751e8b465ee728b)  -> (artifact id: '75ffae9343a9adc889a79c3f9ee151ff') in 4.975873 seconds 
  Import took 10.705010 seconds .

========================================================================
Received Import Request.
  Time since last request: 4.776020 seconds.
  path: Assets/sedan/textures/UV2.png
  artifactKey: Guid(0840eeaa6634d8244a98011ff40275f3) Importer(815301076,1909f56bfc062723c751e8b465ee728b)
Start importing Assets/sedan/textures/UV2.png using Guid(0840eeaa6634d8244a98011ff40275f3) Importer(815301076,1909f56bfc062723c751e8b465ee728b)  -> (artifact id: '0dde049179d53dece0869927e8d0ea86') in 18.966122 seconds 
  Import took 18.977656 seconds .

========================================================================
Received Import Request.
  Time since last request: 0.000989 seconds.
  path: Assets/sedan/Materials/wheel.mat
  artifactKey: Guid(77120c3918f330849bd17d7ffb5b18c4) Importer(815301076,1909f56bfc062723c751e8b465ee728b)
Start importing Assets/sedan/Materials/wheel.mat using Guid(77120c3918f330849bd17d7ffb5b18c4) Importer(815301076,1909f56bfc062723c751e8b465ee728b)  -> (artifact id: '07a7959711974708f094560e76953664') in 20.172994 seconds 
  Import took 20.187475 seconds .

========================================================================
Received Import Request.
  Time since last request: 0.004039 seconds.
  path: Assets/sedan/textures/wheel.png
  artifactKey: Guid(e01ddfafc1a9de345981245affd32976) Importer(815301076,1909f56bfc062723c751e8b465ee728b)
Start importing Assets/sedan/textures/wheel.png using Guid(e01ddfafc1a9de345981245affd32976) Importer(815301076,1909f56bfc062723c751e8b465ee728b)  -> (artifact id: 'e694ba51e9349f02845e3169a11ca25f') in 3.968917 seconds 
  Import took 3.981539 seconds .

========================================================================
Received Import Request.
  Time since last request: 0.000758 seconds.
  path: Assets/sedan/textures/wheel2.png
  artifactKey: Guid(fe6d430e2168ded43b846142a07b01a9) Importer(815301076,1909f56bfc062723c751e8b465ee728b)
Start importing Assets/sedan/textures/wheel2.png using Guid(fe6d430e2168ded43b846142a07b01a9) Importer(815301076,1909f56bfc062723c751e8b465ee728b)  -> (artifact id: '9d03565236f84c4e0f86aed445d8227b') in 4.503249 seconds 
  Import took 4.515536 seconds .

========================================================================
Received Import Request.
  Time since last request: 0.000218 seconds.
  path: Assets/sedan/Materials/UV1.mat
  artifactKey: Guid(1981397890308b84281411243bec3d82) Importer(815301076,1909f56bfc062723c751e8b465ee728b)
Start importing Assets/sedan/Materials/UV1.mat using Guid(1981397890308b84281411243bec3d82) Importer(815301076,1909f56bfc062723c751e8b465ee728b)  -> (artifact id: 'ab66e383e6aa4915d48fa5d97337dafd') in 0.313231 seconds 
  Import took 0.322332 seconds .

========================================================================
Received Import Request.
  Time since last request: 0.000648 seconds.
  path: Assets/sedan/pref/sedanpref.prefab
  artifactKey: Guid(85abc66ee2c921c4f94d78ff0bae4348) Importer(815301076,1909f56bfc062723c751e8b465ee728b)
Start importing Assets/sedan/pref/sedanpref.prefab using Guid(85abc66ee2c921c4f94d78ff0bae4348) Importer(815301076,1909f56bfc062723c751e8b465ee728b)  -> (artifact id: 'ab22574c00cb1dd2792639c456b35e6d') in 2.094635 seconds 
  Import took 2.111950 seconds .

========================================================================
Received Import Request.
  Time since last request: 0.000432 seconds.
  path: Assets/sedan/Materials/UV2.mat
  artifactKey: Guid(9729bedc240b2024292e1b7493ed2ec8) Importer(815301076,1909f56bfc062723c751e8b465ee728b)
Start importing Assets/sedan/Materials/UV2.mat using Guid(9729bedc240b2024292e1b7493ed2ec8) Importer(815301076,1909f56bfc062723c751e8b465ee728b)  -> (artifact id: 'b776ca8ea6564bbc85ddbc73e475d86a') in 0.430048 seconds 
  Import took 0.444679 seconds .

========================================================================
Received Prepare
Registering precompiled user dll's ...
Registered in 0.064745 seconds.
Begin MonoManager ReloadAssembly
Native extension for WindowsStandalone target not found
Refreshing native plugins compatible for Editor in 2.63 ms, found 3 plugins.
Preloading 0 native plugins for Editor in 0.00 ms.
Mono: successfully reloaded assembly
- Completed reload, in 14.113 seconds
Domain Reload Profiling:
	ReloadAssembly (14115ms)
		BeginReloadAssembly (512ms)
			ExecutionOrderSort (0ms)
			DisableScriptedObjects (20ms)
			BackupInstance (0ms)
			ReleaseScriptingObjects (0ms)
			CreateAndSetChildDomain (168ms)
		EndReloadAssembly (13253ms)
			LoadAssemblies (8192ms)
			RebuildTransferFunctionScriptingTraits (0ms)
			SetupTypeCache (1977ms)
			ReleaseScriptCaches (4ms)
			RebuildScriptCaches (238ms)
			SetupLoadedEditorAssemblies (2231ms)
				LogAssemblyErrors (0ms)
				InitializePlatformSupportModulesInManaged (24ms)
				SetLoadedEditorAssemblies (2ms)
				RefreshPlugins (3ms)
				BeforeProcessingInitializeOnLoad (251ms)
				ProcessInitializeOnLoadAttributes (1905ms)
				ProcessInitializeOnLoadMethodAttributes (20ms)
				AfterProcessingInitializeOnLoad (24ms)
				EditorAssembliesLoaded (1ms)
			ExecutionOrderSort2 (0ms)
			AwakeInstancesAfterBackupRestoration (42ms)
Platform modules already initialized, skipping
Refreshing native plugins compatible for Editor in 2.24 ms, found 3 plugins.
Preloading 0 native plugins for Editor in 0.00 ms.
Unloading 1663 Unused Serialized files (Serialized files now loaded: 0)
System memory in use before: 100.7 MB.
System memory in use after: 100.4 MB.

Unloading 33 unused Assets to reduce memory usage. Loaded Objects now: 2257.
Total: 12.293828 ms (FindLiveObjects: 0.892851 ms CreateObjectMapping: 0.236174 ms MarkObjects: 9.285655 ms  DeleteObjects: 1.872748 ms)

AssetImportParameters requested are different than current active one (requested -> active):
  custom:framework-win-MediaFoundation: 216162199b28c13a410421893ffa2e32 -> 
  custom:video-decoder-ogg-theora: a1e56fd34408186e4bbccfd4996cb3dc -> 
  custom:container-muxer-webm: aa71ff27fc2769a1b78a27578f13a17b -> 
  custom:container-demuxer-webm: 4f35f7cbe854078d1ac9338744f61a02 -> 
  custom:container-demuxer-ogg: 62fdf1f143b41e24485cea50d1cbac27 -> 
  custom:video-encoder-webm-vp8: eb34c28f22e8b96e1ab97ce403110664 -> 
  custom:video-codec-MediaFoundation-h265: 746d11721c4dcdbdad8f713fa42b33f4 -> 
  custom:video-decoder-webm-vp8: 9c59270c3fd7afecdb556c50c9e8de78 -> 
  custom:audio-decoder-ogg-vorbis: bf7c407c2cedff20999df2af8eb42d56 -> 
  custom:audio-encoder-webm-vorbis: bf7c407c2cedff20999df2af8eb42d56 -> 
AssetImportWorkerClient::OnTransportError - code=2 error=End of file
